   Qt/MSBuild: 3.3.0.13
   Qt: 6.5.3
  Assistance.cpp
  PaintWidget.cpp
  Graphics.cpp
  main.cpp
E:\Codes\repos\computer-graphics-master\Graphics\Assistance.cpp(1,1): warning C4828: 文件包含在偏移 0x1c 处开始的字符，该字符在当前源字符集中无效(代码页 65001)。
E:\Codes\repos\computer-graphics-master\Graphics\main.cpp(1,1): warning C4828: 文件包含在偏移 0x165 处开始的字符，该字符在当前源字符集中无效(代码页 65001)。
E:\Codes\repos\computer-graphics-master\Graphics\Assistance.cpp(1,1): warning C4828: 文件包含在偏移 0x1d 处开始的字符，该字符在当前源字符集中无效(代码页 65001)。
E:\Codes\repos\computer-graphics-master\Graphics\main.cpp(1,1): warning C4828: 文件包含在偏移 0x167 处开始的字符，该字符在当前源字符集中无效(代码页 65001)。
E:\Codes\repos\computer-graphics-master\Graphics\main.cpp(1,1): warning C4828: 文件包含在偏移 0x168 处开始的字符，该字符在当前源字符集中无效(代码页 65001)。
E:\Codes\repos\computer-graphics-master\Graphics\Assistance.cpp(1,1): warning C4828: 文件包含在偏移 0x1e 处开始的字符，该字符在当前源字符集中无效(代码页 65001)。
E:\Codes\repos\computer-graphics-master\Graphics\main.cpp(1,1): warning C4828: 文件包含在偏移 0x16a 处开始的字符，该字符在当前源字符集中无效(代码页 65001)。
E:\Codes\repos\computer-graphics-master\Graphics\Assistance.cpp(1,1): warning C4828: 文件包含在偏移 0x20 处开始的字符，该字符在当前源字符集中无效(代码页 65001)。
E:\Codes\repos\computer-graphics-master\Graphics\main.cpp(1,1): warning C4828: 文件包含在偏移 0x16e 处开始的字符，该字符在当前源字符集中无效(代码页 65001)。
E:\Codes\repos\computer-graphics-master\Graphics\Assistance.cpp(1,1): warning C4828: 文件包含在偏移 0x21 处开始的字符，该字符在当前源字符集中无效(代码页 65001)。
E:\Codes\repos\computer-graphics-master\Graphics\Assistance.cpp(1,1): warning C4828: 文件包含在偏移 0x22 处开始的字符，该字符在当前源字符集中无效(代码页 65001)。
E:\Codes\repos\computer-graphics-master\Graphics\Assistance.cpp(1,1): warning C4828: 文件包含在偏移 0x23 处开始的字符，该字符在当前源字符集中无效(代码页 65001)。
E:\Codes\repos\computer-graphics-master\Graphics\Assistance.cpp(1,1): warning C4828: 文件包含在偏移 0x27 处开始的字符，该字符在当前源字符集中无效(代码页 65001)。
E:\Codes\repos\computer-graphics-master\Graphics\Assistance.cpp(1,1): warning C4828: 文件包含在偏移 0x2a 处开始的字符，该字符在当前源字符集中无效(代码页 65001)。
E:\Codes\repos\computer-graphics-master\Graphics\Assistance.cpp(1,1): warning C4828: 文件包含在偏移 0x2d 处开始的字符，该字符在当前源字符集中无效(代码页 65001)。
E:\Codes\repos\computer-graphics-master\Graphics\Assistance.cpp(1,1): warning C4828: 文件包含在偏移 0x1c7 处开始的字符，该字符在当前源字符集中无效(代码页 65001)。
E:\Codes\repos\computer-graphics-master\Graphics\Assistance.cpp(1,1): warning C4828: 文件包含在偏移 0x1c8 处开始的字符，该字符在当前源字符集中无效(代码页 65001)。
E:\Codes\repos\computer-graphics-master\Graphics\Assistance.cpp(1,1): warning C4828: 文件包含在偏移 0x1ca 处开始的字符，该字符在当前源字符集中无效(代码页 65001)。
E:\Codes\repos\computer-graphics-master\Graphics\Assistance.cpp(1,1): warning C4828: 文件包含在偏移 0x1cc 处开始的字符，该字符在当前源字符集中无效(代码页 65001)。
E:\Codes\repos\computer-graphics-master\Graphics\Assistance.cpp(1,1): warning C4828: 文件包含在偏移 0x1cd 处开始的字符，该字符在当前源字符集中无效(代码页 65001)。
E:\Codes\repos\computer-graphics-master\Graphics\Assistance.cpp(1,1): warning C4828: 文件包含在偏移 0x1ce 处开始的字符，该字符在当前源字符集中无效(代码页 65001)。
E:\Codes\repos\computer-graphics-master\Graphics\Assistance.cpp(1,1): warning C4828: 文件包含在偏移 0x1cf 处开始的字符，该字符在当前源字符集中无效(代码页 65001)。
E:\Codes\repos\computer-graphics-master\Graphics\Assistance.cpp(1,1): warning C4828: 文件包含在偏移 0x1d1 处开始的字符，该字符在当前源字符集中无效(代码页 65001)。
E:\Codes\repos\computer-graphics-master\Graphics\Assistance.cpp(1,1): warning C4828: 文件包含在偏移 0x28f 处开始的字符，该字符在当前源字符集中无效(代码页 65001)。
E:\Codes\repos\computer-graphics-master\Graphics\Assistance.cpp(1,1): warning C4828: 文件包含在偏移 0x292 处开始的字符，该字符在当前源字符集中无效(代码页 65001)。
E:\Codes\repos\computer-graphics-master\Graphics\Assistance.cpp(1,1): warning C4828: 文件包含在偏移 0x294 处开始的字符，该字符在当前源字符集中无效(代码页 65001)。
E:\Codes\repos\computer-graphics-master\Graphics\Assistance.cpp(1,1): warning C4828: 文件包含在偏移 0x295 处开始的字符，该字符在当前源字符集中无效(代码页 65001)。
E:\Codes\repos\computer-graphics-master\Graphics\Assistance.cpp(1,1): warning C4828: 文件包含在偏移 0x2ec 处开始的字符，该字符在当前源字符集中无效(代码页 65001)。
E:\Codes\repos\computer-graphics-master\Graphics\Assistance.cpp(1,1): warning C4828: 文件包含在偏移 0x2ef 处开始的字符，该字符在当前源字符集中无效(代码页 65001)。
E:\Codes\repos\computer-graphics-master\Graphics\Assistance.cpp(1,1): warning C4828: 文件包含在偏移 0x2f1 处开始的字符，该字符在当前源字符集中无效(代码页 65001)。
E:\Codes\repos\computer-graphics-master\Graphics\Assistance.cpp(1,1): warning C4828: 文件包含在偏移 0x2f2 处开始的字符，该字符在当前源字符集中无效(代码页 65001)。
E:\Codes\repos\computer-graphics-master\Graphics\Assistance.cpp(1,1): warning C4828: 文件包含在偏移 0x3b8 处开始的字符，该字符在当前源字符集中无效(代码页 65001)。
E:\Codes\repos\computer-graphics-master\Graphics\Assistance.cpp(1,1): warning C4828: 文件包含在偏移 0x3b9 处开始的字符，该字符在当前源字符集中无效(代码页 65001)。
E:\Codes\repos\computer-graphics-master\Graphics\Assistance.cpp(1,1): warning C4828: 文件包含在偏移 0x3ba 处开始的字符，该字符在当前源字符集中无效(代码页 65001)。
E:\Codes\repos\computer-graphics-master\Graphics\Assistance.cpp(1,1): warning C4828: 文件包含在偏移 0x3bb 处开始的字符，该字符在当前源字符集中无效(代码页 65001)。
E:\Codes\repos\computer-graphics-master\Graphics\Assistance.cpp(1,1): warning C4828: 文件包含在偏移 0x3bd 处开始的字符，该字符在当前源字符集中无效(代码页 65001)。
E:\Codes\repos\computer-graphics-master\Graphics\Assistance.cpp(1,1): warning C4828: 文件包含在偏移 0x3c0 处开始的字符，该字符在当前源字符集中无效(代码页 65001)。
E:\Codes\repos\computer-graphics-master\Graphics\Assistance.cpp(1,1): warning C4828: 文件包含在偏移 0x3c3 处开始的字符，该字符在当前源字符集中无效(代码页 65001)。
E:\Codes\repos\computer-graphics-master\Graphics\Assistance.cpp(1,1): warning C4828: 文件包含在偏移 0x3cf 处开始的字符，该字符在当前源字符集中无效(代码页 65001)。
E:\Codes\repos\computer-graphics-master\Graphics\Assistance.cpp(1,1): warning C4828: 文件包含在偏移 0x3d1 处开始的字符，该字符在当前源字符集中无效(代码页 65001)。
E:\Codes\repos\computer-graphics-master\Graphics\Assistance.cpp(1,1): warning C4828: 文件包含在偏移 0x7ef 处开始的字符，该字符在当前源字符集中无效(代码页 65001)。
E:\Codes\repos\computer-graphics-master\Graphics\Assistance.cpp(1,1): warning C4828: 文件包含在偏移 0x7f1 处开始的字符，该字符在当前源字符集中无效(代码页 65001)。
E:\Codes\repos\computer-graphics-master\Graphics\Assistance.cpp(1,1): warning C4828: 文件包含在偏移 0x7f4 处开始的字符，该字符在当前源字符集中无效(代码页 65001)。
E:\Codes\repos\computer-graphics-master\Graphics\Assistance.cpp(1,1): warning C4828: 文件包含在偏移 0x7f7 处开始的字符，该字符在当前源字符集中无效(代码页 65001)。
E:\Codes\repos\computer-graphics-master\Graphics\Assistance.cpp(1,1): warning C4828: 文件包含在偏移 0x7f8 处开始的字符，该字符在当前源字符集中无效(代码页 65001)。
E:\Codes\repos\computer-graphics-master\Graphics\Assistance.cpp(1,1): warning C4828: 文件包含在偏移 0x7fe 处开始的字符，该字符在当前源字符集中无效(代码页 65001)。
E:\Codes\repos\computer-graphics-master\Graphics\Assistance.cpp(1,1): warning C4828: 文件包含在偏移 0x800 处开始的字符，该字符在当前源字符集中无效(代码页 65001)。
E:\Codes\repos\computer-graphics-master\Graphics\Assistance.cpp(1,1): warning C4828: 文件包含在偏移 0x895 处开始的字符，该字符在当前源字符集中无效(代码页 65001)。
E:\Codes\repos\computer-graphics-master\Graphics\Assistance.cpp(1,1): warning C4828: 文件包含在偏移 0x896 处开始的字符，该字符在当前源字符集中无效(代码页 65001)。
E:\Codes\repos\computer-graphics-master\Graphics\Assistance.cpp(1,1): warning C4828: 文件包含在偏移 0x897 处开始的字符，该字符在当前源字符集中无效(代码页 65001)。
E:\Codes\repos\computer-graphics-master\Graphics\Assistance.cpp(1,1): warning C4828: 文件包含在偏移 0x899 处开始的字符，该字符在当前源字符集中无效(代码页 65001)。
E:\Codes\repos\computer-graphics-master\Graphics\Assistance.cpp(1,1): warning C4828: 文件包含在偏移 0x89b 处开始的字符，该字符在当前源字符集中无效(代码页 65001)。
E:\Codes\repos\computer-graphics-master\Graphics\Assistance.cpp(1,1): warning C4828: 文件包含在偏移 0x89c 处开始的字符，该字符在当前源字符集中无效(代码页 65001)。
E:\Codes\repos\computer-graphics-master\Graphics\Assistance.cpp(1,1): warning C4828: 文件包含在偏移 0x8a4 处开始的字符，该字符在当前源字符集中无效(代码页 65001)。
E:\Codes\repos\computer-graphics-master\Graphics\Assistance.cpp(1,1): warning C4828: 文件包含在偏移 0x8a6 处开始的字符，该字符在当前源字符集中无效(代码页 65001)。
E:\Codes\repos\computer-graphics-master\Graphics\Assistance.cpp(1,1): warning C4828: 文件包含在偏移 0x8a9 处开始的字符，该字符在当前源字符集中无效(代码页 65001)。
E:\Codes\repos\computer-graphics-master\Graphics\Assistance.cpp(1,1): warning C4828: 文件包含在偏移 0x8ac 处开始的字符，该字符在当前源字符集中无效(代码页 65001)。
E:\Codes\repos\computer-graphics-master\Graphics\Assistance.cpp(1,1): warning C4828: 文件包含在偏移 0x8ad 处开始的字符，该字符在当前源字符集中无效(代码页 65001)。
E:\Codes\repos\computer-graphics-master\Graphics\Assistance.cpp(1,1): warning C4828: 文件包含在偏移 0x8b1 处开始的字符，该字符在当前源字符集中无效(代码页 65001)。
E:\Codes\repos\computer-graphics-master\Graphics\Assistance.cpp(1,1): warning C4828: 文件包含在偏移 0x8b2 处开始的字符，该字符在当前源字符集中无效(代码页 65001)。
E:\Codes\repos\computer-graphics-master\Graphics\Assistance.cpp(1,1): warning C4828: 文件包含在偏移 0x98a 处开始的字符，该字符在当前源字符集中无效(代码页 65001)。
E:\Codes\repos\computer-graphics-master\Graphics\Assistance.cpp(1,1): warning C4828: 文件包含在偏移 0x98b 处开始的字符，该字符在当前源字符集中无效(代码页 65001)。
E:\Codes\repos\computer-graphics-master\Graphics\Assistance.cpp(1,1): warning C4828: 文件包含在偏移 0x98c 处开始的字符，该字符在当前源字符集中无效(代码页 65001)。
E:\Codes\repos\computer-graphics-master\Graphics\Assistance.cpp(1,1): warning C4828: 文件包含在偏移 0x98e 处开始的字符，该字符在当前源字符集中无效(代码页 65001)。
E:\Codes\repos\computer-graphics-master\Graphics\Assistance.cpp(1,1): warning C4828: 文件包含在偏移 0x990 处开始的字符，该字符在当前源字符集中无效(代码页 65001)。
E:\Codes\repos\computer-graphics-master\Graphics\Assistance.cpp(1,1): warning C4828: 文件包含在偏移 0x991 处开始的字符，该字符在当前源字符集中无效(代码页 65001)。
E:\Codes\repos\computer-graphics-master\Graphics\Assistance.cpp(1,1): warning C4828: 文件包含在偏移 0x999 处开始的字符，该字符在当前源字符集中无效(代码页 65001)。
E:\Codes\repos\computer-graphics-master\Graphics\Assistance.cpp(1,1): warning C4828: 文件包含在偏移 0x99b 处开始的字符，该字符在当前源字符集中无效(代码页 65001)。
E:\Codes\repos\computer-graphics-master\Graphics\Assistance.cpp(1,1): warning C4828: 文件包含在偏移 0x99e 处开始的字符，该字符在当前源字符集中无效(代码页 65001)。
E:\Codes\repos\computer-graphics-master\Graphics\Assistance.cpp(1,1): warning C4828: 文件包含在偏移 0x9a1 处开始的字符，该字符在当前源字符集中无效(代码页 65001)。
E:\Codes\repos\computer-graphics-master\Graphics\Assistance.cpp(1,1): warning C4828: 文件包含在偏移 0x9a2 处开始的字符，该字符在当前源字符集中无效(代码页 65001)。
E:\Codes\repos\computer-graphics-master\Graphics\Assistance.cpp(1,1): warning C4828: 文件包含在偏移 0x9a6 处开始的字符，该字符在当前源字符集中无效(代码页 65001)。
E:\Codes\repos\computer-graphics-master\Graphics\Assistance.cpp(1,1): warning C4828: 文件包含在偏移 0x9a9 处开始的字符，该字符在当前源字符集中无效(代码页 65001)。
E:\Codes\repos\computer-graphics-master\Graphics\Assistance.cpp(1,1): warning C4828: 文件包含在偏移 0x9ab 处开始的字符，该字符在当前源字符集中无效(代码页 65001)。
E:\Codes\repos\computer-graphics-master\Graphics\Assistance.cpp(1,1): warning C4828: 文件包含在偏移 0x9ac 处开始的字符，该字符在当前源字符集中无效(代码页 65001)。
E:\Codes\repos\computer-graphics-master\Graphics\Assistance.cpp(1,1): warning C4828: 文件包含在偏移 0x9ae 处开始的字符，该字符在当前源字符集中无效(代码页 65001)。
E:\Codes\repos\computer-graphics-master\Graphics\Assistance.cpp(1,1): warning C4828: 文件包含在偏移 0x9af 处开始的字符，该字符在当前源字符集中无效(代码页 65001)。
E:\Codes\repos\computer-graphics-master\Graphics\Assistance.cpp(1,1): warning C4828: 文件包含在偏移 0x9b1 处开始的字符，该字符在当前源字符集中无效(代码页 65001)。
E:\Codes\repos\computer-graphics-master\Graphics\Assistance.cpp(1,1): warning C4828: 文件包含在偏移 0x9b2 处开始的字符，该字符在当前源字符集中无效(代码页 65001)。
E:\Codes\repos\computer-graphics-master\Graphics\Assistance.cpp(1,1): warning C4828: 文件包含在偏移 0x9b4 处开始的字符，该字符在当前源字符集中无效(代码页 65001)。
E:\Codes\repos\computer-graphics-master\Graphics\Assistance.cpp(1,1): warning C4828: 文件包含在偏移 0xa75 处开始的字符，该字符在当前源字符集中无效(代码页 65001)。
E:\Codes\repos\computer-graphics-master\Graphics\Assistance.cpp(1,1): warning C4828: 文件包含在偏移 0xa79 处开始的字符，该字符在当前源字符集中无效(代码页 65001)。
E:\Codes\repos\computer-graphics-master\Graphics\Assistance.cpp(1,1): warning C4828: 文件包含在偏移 0xa7a 处开始的字符，该字符在当前源字符集中无效(代码页 65001)。
E:\Codes\repos\computer-graphics-master\Graphics\Assistance.cpp(1,1): warning C4828: 文件包含在偏移 0xa7e 处开始的字符，该字符在当前源字符集中无效(代码页 65001)。
E:\Codes\repos\computer-graphics-master\Graphics\Assistance.cpp(1,1): warning C4828: 文件包含在偏移 0xa7f 处开始的字符，该字符在当前源字符集中无效(代码页 65001)。
E:\Codes\repos\computer-graphics-master\Graphics\Assistance.cpp(1,1): warning C4828: 文件包含在偏移 0xa81 处开始的字符，该字符在当前源字符集中无效(代码页 65001)。
E:\Codes\repos\computer-graphics-master\Graphics\Assistance.cpp(1,1): warning C4828: 文件包含在偏移 0xa84 处开始的字符，该字符在当前源字符集中无效(代码页 65001)。
E:\Codes\repos\computer-graphics-master\Graphics\Assistance.cpp(1,1): warning C4828: 文件包含在偏移 0xac4 处开始的字符，该字符在当前源字符集中无效(代码页 65001)。
E:\Codes\repos\computer-graphics-master\Graphics\Assistance.cpp(1,1): warning C4828: 文件包含在偏移 0xac6 处开始的字符，该字符在当前源字符集中无效(代码页 65001)。
E:\Codes\repos\computer-graphics-master\Graphics\Assistance.cpp(1,1): warning C4828: 文件包含在偏移 0xaca 处开始的字符，该字符在当前源字符集中无效(代码页 65001)。
E:\Codes\repos\computer-graphics-master\Graphics\Assistance.cpp(1,1): warning C4828: 文件包含在偏移 0xacb 处开始的字符，该字符在当前源字符集中无效(代码页 65001)。
E:\Codes\repos\computer-graphics-master\Graphics\Assistance.cpp(1,1): warning C4828: 文件包含在偏移 0xacc 处开始的字符，该字符在当前源字符集中无效(代码页 65001)。
E:\Codes\repos\computer-graphics-master\Graphics\Assistance.cpp(1,1): warning C4828: 文件包含在偏移 0xacd 处开始的字符，该字符在当前源字符集中无效(代码页 65001)。
E:\Codes\repos\computer-graphics-master\Graphics\Assistance.cpp(1,1): warning C4828: 文件包含在偏移 0xad1 处开始的字符，该字符在当前源字符集中无效(代码页 65001)。
E:\Codes\repos\computer-graphics-master\Graphics\Assistance.cpp(1,1): warning C4828: 文件包含在偏移 0xae6 处开始的字符，该字符在当前源字符集中无效(代码页 65001)。
E:\Codes\repos\computer-graphics-master\Graphics\Assistance.cpp(1,1): warning C4828: 文件包含在偏移 0xae8 处开始的字符，该字符在当前源字符集中无效(代码页 65001)。
E:\Codes\repos\computer-graphics-master\Graphics\Assistance.cpp(1,1): warning C4828: 文件包含在偏移 0xaeb 处开始的字符，该字符在当前源字符集中无效(代码页 65001)。
E:\Codes\repos\computer-graphics-master\Graphics\Assistance.cpp(1,1): warning C4828: 文件包含在偏移 0xaee 处开始的字符，该字符在当前源字符集中无效(代码页 65001)。
E:\Codes\repos\computer-graphics-master\Graphics\Assistance.cpp(1,1): warning C4828: 文件包含在偏移 0xaef 处开始的字符，该字符在当前源字符集中无效(代码页 65001)。
E:\Codes\repos\computer-graphics-master\Graphics\Assistance.cpp(1,1): warning C4828: 文件包含在偏移 0xaf3 处开始的字符，该字符在当前源字符集中无效(代码页 65001)。
E:\Codes\repos\computer-graphics-master\Graphics\Assistance.cpp(1,1): warning C4828: 文件包含在偏移 0xaf5 处开始的字符，该字符在当前源字符集中无效(代码页 65001)。
E:\Codes\repos\computer-graphics-master\Graphics\Assistance.cpp(1,1): warning C4828: 文件包含在偏移 0xb38 处开始的字符，该字符在当前源字符集中无效(代码页 65001)。
E:\Codes\repos\computer-graphics-master\Graphics\Assistance.cpp(1,1): warning C4828: 文件包含在偏移 0xb39 处开始的字符，该字符在当前源字符集中无效(代码页 65001)。
E:\Codes\repos\computer-graphics-master\Graphics\Assistance.cpp(1,1): warning C4828: 文件包含在偏移 0xb3e 处开始的字符，该字符在当前源字符集中无效(代码页 65001)。
E:\Codes\repos\computer-graphics-master\Graphics\Assistance.cpp(1,1): warning C4828: 文件包含在偏移 0xb3f 处开始的字符，该字符在当前源字符集中无效(代码页 65001)。
E:\Codes\repos\computer-graphics-master\Graphics\Assistance.cpp(1,1): warning C4828: 文件包含在偏移 0xb41 处开始的字符，该字符在当前源字符集中无效(代码页 65001)。
E:\Codes\repos\computer-graphics-master\Graphics\Assistance.cpp(1,1): warning C4828: 文件包含在偏移 0xb4c 处开始的字符，该字符在当前源字符集中无效(代码页 65001)。
E:\Codes\repos\computer-graphics-master\Graphics\Assistance.cpp(1,1): warning C4828: 文件包含在偏移 0xb4f 处开始的字符，该字符在当前源字符集中无效(代码页 65001)。
E:\Codes\repos\computer-graphics-master\Graphics\Assistance.cpp(1,1): warning C4828: 文件包含在偏移 0xb52 处开始的字符，该字符在当前源字符集中无效(代码页 65001)。
E:\Codes\repos\computer-graphics-master\Graphics\Assistance.cpp(1,1): warning C4828: 文件包含在偏移 0xb54 处开始的字符，该字符在当前源字符集中无效(代码页 65001)。
E:\Codes\repos\computer-graphics-master\Graphics\Assistance.cpp(1,1): warning C4828: 文件包含在偏移 0xb55 处开始的字符，该字符在当前源字符集中无效(代码页 65001)。
E:\Codes\repos\computer-graphics-master\Graphics\Assistance.cpp(1,1): warning C4828: 文件包含在偏移 0xb57 处开始的字符，该字符在当前源字符集中无效(代码页 65001)。
E:\Codes\repos\computer-graphics-master\Graphics\Assistance.cpp(1,1): warning C4828: 文件包含在偏移 0xb5a 处开始的字符，该字符在当前源字符集中无效(代码页 65001)。
E:\Codes\repos\computer-graphics-master\Graphics\Assistance.cpp(1,1): warning C4828: 文件包含在偏移 0xb5b 处开始的字符，该字符在当前源字符集中无效(代码页 65001)。
E:\Codes\repos\computer-graphics-master\Graphics\Assistance.cpp(1,1): warning C4828: 文件包含在偏移 0xb5c 处开始的字符，该字符在当前源字符集中无效(代码页 65001)。
E:\Codes\repos\computer-graphics-master\Graphics\Assistance.cpp(1,1): warning C4828: 文件包含在偏移 0xb5d 处开始的字符，该字符在当前源字符集中无效(代码页 65001)。
E:\Codes\repos\computer-graphics-master\Graphics\Assistance.cpp(1,1): warning C4828: 文件包含在偏移 0xbe1 处开始的字符，该字符在当前源字符集中无效(代码页 65001)。
E:\Codes\repos\computer-graphics-master\Graphics\Assistance.cpp(1,1): warning C4828: 文件包含在偏移 0xbe2 处开始的字符，该字符在当前源字符集中无效(代码页 65001)。
E:\Codes\repos\computer-graphics-master\Graphics\Assistance.cpp(1,1): warning C4828: 文件包含在偏移 0xbe5 处开始的字符，该字符在当前源字符集中无效(代码页 65001)。
E:\Codes\repos\computer-graphics-master\Graphics\Assistance.cpp(1,1): warning C4828: 文件包含在偏移 0xbe7 处开始的字符，该字符在当前源字符集中无效(代码页 65001)。
E:\Codes\repos\computer-graphics-master\Graphics\Assistance.cpp(1,1): warning C4828: 文件包含在偏移 0xbea 处开始的字符，该字符在当前源字符集中无效(代码页 65001)。
E:\Codes\repos\computer-graphics-master\Graphics\Assistance.cpp(1,1): warning C4828: 文件包含在偏移 0xbeb 处开始的字符，该字符在当前源字符集中无效(代码页 65001)。
E:\Codes\repos\computer-graphics-master\Graphics\Assistance.cpp(1,1): warning C4828: 文件包含在偏移 0xbec 处开始的字符，该字符在当前源字符集中无效(代码页 65001)。
E:\Codes\repos\computer-graphics-master\Graphics\Assistance.cpp(1,1): warning C4828: 文件包含在偏移 0xbee 处开始的字符，该字符在当前源字符集中无效(代码页 65001)。
E:\Codes\repos\computer-graphics-master\Graphics\Assistance.cpp(1,1): warning C4828: 文件包含在偏移 0xbef 处开始的字符，该字符在当前源字符集中无效(代码页 65001)。
E:\Codes\repos\computer-graphics-master\Graphics\Assistance.cpp(1,1): warning C4828: 文件包含在偏移 0xbf0 处开始的字符，该字符在当前源字符集中无效(代码页 65001)。
E:\Codes\repos\computer-graphics-master\Graphics\Assistance.cpp(1,1): warning C4828: 文件包含在偏移 0xbf3 处开始的字符，该字符在当前源字符集中无效(代码页 65001)。
E:\Codes\repos\computer-graphics-master\Graphics\Assistance.cpp(1,1): warning C4828: 文件包含在偏移 0xbf5 处开始的字符，该字符在当前源字符集中无效(代码页 65001)。
E:\Codes\repos\computer-graphics-master\Graphics\Assistance.cpp(1,1): warning C4828: 文件包含在偏移 0xbf6 处开始的字符，该字符在当前源字符集中无效(代码页 65001)。
E:\Codes\repos\computer-graphics-master\Graphics\Assistance.cpp(1,1): warning C4828: 文件包含在偏移 0xbfd 处开始的字符，该字符在当前源字符集中无效(代码页 65001)。
E:\Codes\repos\computer-graphics-master\Graphics\Assistance.cpp(1,1): warning C4828: 文件包含在偏移 0xbfe 处开始的字符，该字符在当前源字符集中无效(代码页 65001)。
E:\Codes\repos\computer-graphics-master\Graphics\Assistance.cpp(1,1): warning C4828: 文件包含在偏移 0xbff 处开始的字符，该字符在当前源字符集中无效(代码页 65001)。
E:\Codes\repos\computer-graphics-master\Graphics\Assistance.cpp(1,1): warning C4828: 文件包含在偏移 0xc02 处开始的字符，该字符在当前源字符集中无效(代码页 65001)。
E:\Codes\repos\computer-graphics-master\Graphics\Assistance.cpp(1,1): warning C4828: 文件包含在偏移 0xc03 处开始的字符，该字符在当前源字符集中无效(代码页 65001)。
E:\Codes\repos\computer-graphics-master\Graphics\Assistance.cpp(1,1): warning C4828: 文件包含在偏移 0xc04 处开始的字符，该字符在当前源字符集中无效(代码页 65001)。
E:\Codes\repos\computer-graphics-master\Graphics\Assistance.cpp(1,1): warning C4828: 文件包含在偏移 0xc05 处开始的字符，该字符在当前源字符集中无效(代码页 65001)。
E:\Codes\repos\computer-graphics-master\Graphics\Assistance.cpp(1,1): warning C4828: 文件包含在偏移 0xc06 处开始的字符，该字符在当前源字符集中无效(代码页 65001)。
E:\Codes\repos\computer-graphics-master\Graphics\Assistance.cpp(1,1): warning C4828: 文件包含在偏移 0xc08 处开始的字符，该字符在当前源字符集中无效(代码页 65001)。
E:\Codes\repos\computer-graphics-master\Graphics\Assistance.cpp(1,1): warning C4828: 文件包含在偏移 0xc0c 处开始的字符，该字符在当前源字符集中无效(代码页 65001)。
E:\Codes\repos\computer-graphics-master\Graphics\Assistance.cpp(1,1): warning C4828: 文件包含在偏移 0xc13 处开始的字符，该字符在当前源字符集中无效(代码页 65001)。
E:\Codes\repos\computer-graphics-master\Graphics\Assistance.cpp(1,1): warning C4828: 文件包含在偏移 0xc14 处开始的字符，该字符在当前源字符集中无效(代码页 65001)。
E:\Codes\repos\computer-graphics-master\Graphics\Assistance.cpp(1,1): warning C4828: 文件包含在偏移 0xc16 处开始的字符，该字符在当前源字符集中无效(代码页 65001)。
E:\Codes\repos\computer-graphics-master\Graphics\Assistance.cpp(1,1): warning C4828: 文件包含在偏移 0xc19 处开始的字符，该字符在当前源字符集中无效(代码页 65001)。
E:\Codes\repos\computer-graphics-master\Graphics\Assistance.cpp(1,1): warning C4828: 文件包含在偏移 0xd13 处开始的字符，该字符在当前源字符集中无效(代码页 65001)。
E:\Codes\repos\computer-graphics-master\Graphics\Assistance.cpp(1,1): warning C4828: 文件包含在偏移 0xd14 处开始的字符，该字符在当前源字符集中无效(代码页 65001)。
E:\Codes\repos\computer-graphics-master\Graphics\Assistance.cpp(1,1): warning C4828: 文件包含在偏移 0xd16 处开始的字符，该字符在当前源字符集中无效(代码页 65001)。
E:\Codes\repos\computer-graphics-master\Graphics\Assistance.cpp(1,1): warning C4828: 文件包含在偏移 0xd19 处开始的字符，该字符在当前源字符集中无效(代码页 65001)。
E:\Codes\repos\computer-graphics-master\Graphics\Assistance.cpp(1,1): warning C4828: 文件包含在偏移 0xd1a 处开始的字符，该字符在当前源字符集中无效(代码页 65001)。
E:\Codes\repos\computer-graphics-master\Graphics\Assistance.cpp(1,1): warning C4828: 文件包含在偏移 0xd1e 处开始的字符，该字符在当前源字符集中无效(代码页 65001)。
E:\Codes\repos\computer-graphics-master\Graphics\Assistance.cpp(1,1): warning C4828: 文件包含在偏移 0xd21 处开始的字符，该字符在当前源字符集中无效(代码页 65001)。
E:\Codes\repos\computer-graphics-master\Graphics\Assistance.cpp(1,1): warning C4828: 文件包含在偏移 0xd23 处开始的字符，该字符在当前源字符集中无效(代码页 65001)。
E:\Codes\repos\computer-graphics-master\Graphics\Assistance.cpp(1,1): warning C4828: 文件包含在偏移 0xd26 处开始的字符，该字符在当前源字符集中无效(代码页 65001)。
E:\Codes\repos\computer-graphics-master\Graphics\Assistance.cpp(1,1): warning C4828: 文件包含在偏移 0xd93 处开始的字符，该字符在当前源字符集中无效(代码页 65001)。
E:\Codes\repos\computer-graphics-master\Graphics\Assistance.cpp(1,1): warning C4828: 文件包含在偏移 0xd95 处开始的字符，该字符在当前源字符集中无效(代码页 65001)。
E:\Codes\repos\computer-graphics-master\Graphics\Assistance.cpp(1,1): warning C4828: 文件包含在偏移 0xd98 处开始的字符，该字符在当前源字符集中无效(代码页 65001)。
E:\Codes\repos\computer-graphics-master\Graphics\Assistance.cpp(1,1): warning C4828: 文件包含在偏移 0xd9b 处开始的字符，该字符在当前源字符集中无效(代码页 65001)。
E:\Codes\repos\computer-graphics-master\Graphics\Assistance.cpp(1,1): warning C4828: 文件包含在偏移 0xd9c 处开始的字符，该字符在当前源字符集中无效(代码页 65001)。
E:\Codes\repos\computer-graphics-master\Graphics\Assistance.cpp(1,1): warning C4828: 文件包含在偏移 0xd9f 处开始的字符，该字符在当前源字符集中无效(代码页 65001)。
E:\Codes\repos\computer-graphics-master\Graphics\Assistance.cpp(1,1): warning C4828: 文件包含在偏移 0xda0 处开始的字符，该字符在当前源字符集中无效(代码页 65001)。
E:\Codes\repos\computer-graphics-master\Graphics\Assistance.cpp(1,1): warning C4828: 文件包含在偏移 0xda3 处开始的字符，该字符在当前源字符集中无效(代码页 65001)。
E:\Codes\repos\computer-graphics-master\Graphics\Assistance.cpp(1,1): warning C4828: 文件包含在偏移 0xda5 处开始的字符，该字符在当前源字符集中无效(代码页 65001)。
E:\Codes\repos\computer-graphics-master\Graphics\Assistance.cpp(1,1): warning C4828: 文件包含在偏移 0xda6 处开始的字符，该字符在当前源字符集中无效(代码页 65001)。
E:\Codes\repos\computer-graphics-master\Graphics\Assistance.cpp(1,1): warning C4828: 文件包含在偏移 0xdad 处开始的字符，该字符在当前源字符集中无效(代码页 65001)。
E:\Codes\repos\computer-graphics-master\Graphics\Assistance.cpp(1,1): warning C4828: 文件包含在偏移 0xdaf 处开始的字符，该字符在当前源字符集中无效(代码页 65001)。
E:\Codes\repos\computer-graphics-master\Graphics\Assistance.cpp(1,1): warning C4828: 文件包含在偏移 0xdb0 处开始的字符，该字符在当前源字符集中无效(代码页 65001)。
E:\Codes\repos\computer-graphics-master\Graphics\Assistance.cpp(1,1): warning C4828: 文件包含在偏移 0xe0b 处开始的字符，该字符在当前源字符集中无效(代码页 65001)。
E:\Codes\repos\computer-graphics-master\Graphics\Assistance.cpp(1,1): warning C4828: 文件包含在偏移 0xe0c 处开始的字符，该字符在当前源字符集中无效(代码页 65001)。
E:\Codes\repos\computer-graphics-master\Graphics\Assistance.cpp(1,1): warning C4828: 文件包含在偏移 0xe0d 处开始的字符，该字符在当前源字符集中无效(代码页 65001)。
E:\Codes\repos\computer-graphics-master\Graphics\Assistance.cpp(1,1): warning C4828: 文件包含在偏移 0xe0e 处开始的字符，该字符在当前源字符集中无效(代码页 65001)。
E:\Codes\repos\computer-graphics-master\Graphics\Assistance.cpp(1,1): warning C4828: 文件包含在偏移 0xe12 处开始的字符，该字符在当前源字符集中无效(代码页 65001)。
E:\Codes\repos\computer-graphics-master\Graphics\Assistance.cpp(1,1): warning C4828: 文件包含在偏移 0xe15 处开始的字符，该字符在当前源字符集中无效(代码页 65001)。
E:\Codes\repos\computer-graphics-master\Graphics\Assistance.cpp(1,1): warning C4828: 文件包含在偏移 0xe17 处开始的字符，该字符在当前源字符集中无效(代码页 65001)。
E:\Codes\repos\computer-graphics-master\Graphics\Assistance.cpp(1,1): warning C4828: 文件包含在偏移 0xe1b 处开始的字符，该字符在当前源字符集中无效(代码页 65001)。
E:\Codes\repos\computer-graphics-master\Graphics\Assistance.cpp(1,1): warning C4828: 文件包含在偏移 0xe1c 处开始的字符，该字符在当前源字符集中无效(代码页 65001)。
E:\Codes\repos\computer-graphics-master\Graphics\Assistance.cpp(1,1): warning C4828: 文件包含在偏移 0xe1d 处开始的字符，该字符在当前源字符集中无效(代码页 65001)。
E:\Codes\repos\computer-graphics-master\Graphics\Assistance.cpp(1,1): warning C4828: 文件包含在偏移 0xe1f 处开始的字符，该字符在当前源字符集中无效(代码页 65001)。
E:\Codes\repos\computer-graphics-master\Graphics\Assistance.cpp(1,1): warning C4828: 文件包含在偏移 0xe20 处开始的字符，该字符在当前源字符集中无效(代码页 65001)。
E:\Codes\repos\computer-graphics-master\Graphics\Assistance.cpp(1,1): warning C4828: 文件包含在偏移 0xe21 处开始的字符，该字符在当前源字符集中无效(代码页 65001)。
E:\Codes\repos\computer-graphics-master\Graphics\Assistance.cpp(1,1): warning C4828: 文件包含在偏移 0xe2c 处开始的字符，该字符在当前源字符集中无效(代码页 65001)。
E:\Codes\repos\computer-graphics-master\Graphics\Assistance.cpp(1,1): warning C4828: 文件包含在偏移 0xe2d 处开始的字符，该字符在当前源字符集中无效(代码页 65001)。
E:\Codes\repos\computer-graphics-master\Graphics\Assistance.cpp(1,1): warning C4828: 文件包含在偏移 0xe2f 处开始的字符，该字符在当前源字符集中无效(代码页 65001)。
E:\Codes\repos\computer-graphics-master\Graphics\Assistance.cpp(1,1): warning C4828: 文件包含在偏移 0xe34 处开始的字符，该字符在当前源字符集中无效(代码页 65001)。
E:\Codes\repos\computer-graphics-master\Graphics\Assistance.cpp(1,1): warning C4828: 文件包含在偏移 0xe3b 处开始的字符，该字符在当前源字符集中无效(代码页 65001)。
E:\Codes\repos\computer-graphics-master\Graphics\Assistance.cpp(1,1): warning C4828: 文件包含在偏移 0xe3e 处开始的字符，该字符在当前源字符集中无效(代码页 65001)。
E:\Codes\repos\computer-graphics-master\Graphics\Assistance.cpp(1,1): warning C4828: 文件包含在偏移 0xe41 处开始的字符，该字符在当前源字符集中无效(代码页 65001)。
E:\Codes\repos\computer-graphics-master\Graphics\Assistance.cpp(1,1): warning C4828: 文件包含在偏移 0xf1c 处开始的字符，该字符在当前源字符集中无效(代码页 65001)。
E:\Codes\repos\computer-graphics-master\Graphics\Assistance.cpp(1,1): warning C4828: 文件包含在偏移 0xf1d 处开始的字符，该字符在当前源字符集中无效(代码页 65001)。
E:\Codes\repos\computer-graphics-master\Graphics\Assistance.cpp(1,1): warning C4828: 文件包含在偏移 0xf1e 处开始的字符，该字符在当前源字符集中无效(代码页 65001)。
E:\Codes\repos\computer-graphics-master\Graphics\Assistance.cpp(1,1): warning C4828: 文件包含在偏移 0xf21 处开始的字符，该字符在当前源字符集中无效(代码页 65001)。
E:\Codes\repos\computer-graphics-master\Graphics\Assistance.cpp(1,1): warning C4828: 文件包含在偏移 0xf23 处开始的字符，该字符在当前源字符集中无效(代码页 65001)。
E:\Codes\repos\computer-graphics-master\Graphics\Assistance.cpp(1,1): warning C4828: 文件包含在偏移 0xf25 处开始的字符，该字符在当前源字符集中无效(代码页 65001)。
E:\Codes\repos\computer-graphics-master\Graphics\Assistance.cpp(1,1): warning C4828: 文件包含在偏移 0xf26 处开始的字符，该字符在当前源字符集中无效(代码页 65001)。
E:\Codes\repos\computer-graphics-master\Graphics\Assistance.cpp(1,1): warning C4828: 文件包含在偏移 0xf2d 处开始的字符，该字符在当前源字符集中无效(代码页 65001)。
E:\Codes\repos\computer-graphics-master\Graphics\Assistance.cpp(1,1): warning C4828: 文件包含在偏移 0xf2e 处开始的字符，该字符在当前源字符集中无效(代码页 65001)。
E:\Codes\repos\computer-graphics-master\Graphics\Assistance.cpp(1,1): warning C4828: 文件包含在偏移 0xfc7 处开始的字符，该字符在当前源字符集中无效(代码页 65001)。
E:\Codes\repos\computer-graphics-master\Graphics\Assistance.cpp(1,1): warning C4828: 文件包含在偏移 0xfc9 处开始的字符，该字符在当前源字符集中无效(代码页 65001)。
E:\Codes\repos\computer-graphics-master\Graphics\Assistance.cpp(1,1): warning C4828: 文件包含在偏移 0xfcc 处开始的字符，该字符在当前源字符集中无效(代码页 65001)。
E:\Codes\repos\computer-graphics-master\Graphics\Assistance.cpp(1,1): warning C4828: 文件包含在偏移 0xfcf 处开始的字符，该字符在当前源字符集中无效(代码页 65001)。
E:\Codes\repos\computer-graphics-master\Graphics\Assistance.cpp(1,1): warning C4828: 文件包含在偏移 0xfd4 处开始的字符，该字符在当前源字符集中无效(代码页 65001)。
E:\Codes\repos\computer-graphics-master\Graphics\Assistance.cpp(1,1): warning C4828: 文件包含在偏移 0xfd8 处开始的字符，该字符在当前源字符集中无效(代码页 65001)。
E:\Codes\repos\computer-graphics-master\Graphics\Assistance.cpp(1,1): warning C4828: 文件包含在偏移 0xfdc 处开始的字符，该字符在当前源字符集中无效(代码页 65001)。
E:\Codes\repos\computer-graphics-master\Graphics\Assistance.cpp(1,1): warning C4828: 文件包含在偏移 0xfe6 处开始的字符，该字符在当前源字符集中无效(代码页 65001)。
E:\Codes\repos\computer-graphics-master\Graphics\Assistance.cpp(1,1): warning C4828: 文件包含在偏移 0xfe9 处开始的字符，该字符在当前源字符集中无效(代码页 65001)。
E:\Codes\repos\computer-graphics-master\Graphics\Assistance.cpp(1,1): warning C4828: 文件包含在偏移 0xfec 处开始的字符，该字符在当前源字符集中无效(代码页 65001)。
E:\Codes\repos\computer-graphics-master\Graphics\Assistance.cpp(1,1): warning C4828: 文件包含在偏移 0xfee 处开始的字符，该字符在当前源字符集中无效(代码页 65001)。
E:\Codes\repos\computer-graphics-master\Graphics\Assistance.cpp(1,1): warning C4828: 文件包含在偏移 0xfef 处开始的字符，该字符在当前源字符集中无效(代码页 65001)。
E:\Codes\repos\computer-graphics-master\Graphics\Assistance.cpp(1,1): warning C4828: 文件包含在偏移 0xff0 处开始的字符，该字符在当前源字符集中无效(代码页 65001)。
E:\Codes\repos\computer-graphics-master\Graphics\Assistance.cpp(1,1): warning C4828: 文件包含在偏移 0x105d 处开始的字符，该字符在当前源字符集中无效(代码页 65001)。
E:\Codes\repos\computer-graphics-master\Graphics\Assistance.cpp(1,1): warning C4828: 文件包含在偏移 0x105e 处开始的字符，该字符在当前源字符集中无效(代码页 65001)。
E:\Codes\repos\computer-graphics-master\Graphics\Assistance.cpp(1,1): warning C4828: 文件包含在偏移 0x105f 处开始的字符，该字符在当前源字符集中无效(代码页 65001)。
E:\Codes\repos\computer-graphics-master\Graphics\Assistance.cpp(1,1): warning C4828: 文件包含在偏移 0x1060 处开始的字符，该字符在当前源字符集中无效(代码页 65001)。
E:\Codes\repos\computer-graphics-master\Graphics\Assistance.cpp(1,1): warning C4828: 文件包含在偏移 0x1063 处开始的字符，该字符在当前源字符集中无效(代码页 65001)。
E:\Codes\repos\computer-graphics-master\Graphics\Assistance.cpp(1,1): warning C4828: 文件包含在偏移 0x1066 处开始的字符，该字符在当前源字符集中无效(代码页 65001)。
E:\Codes\repos\computer-graphics-master\Graphics\Assistance.cpp(1,1): warning C4828: 文件包含在偏移 0x106a 处开始的字符，该字符在当前源字符集中无效(代码页 65001)。
E:\Codes\repos\computer-graphics-master\Graphics\Assistance.cpp(1,1): warning C4828: 文件包含在偏移 0x106b 处开始的字符，该字符在当前源字符集中无效(代码页 65001)。
E:\Codes\repos\computer-graphics-master\Graphics\Assistance.cpp(1,1): warning C4828: 文件包含在偏移 0x106d 处开始的字符，该字符在当前源字符集中无效(代码页 65001)。
E:\Codes\repos\computer-graphics-master\Graphics\Assistance.h(1,1): warning C4828: 文件包含在偏移 0x32 处开始的字符，该字符在当前源字符集中无效(代码页 65001)。
  (编译源文件“Assistance.cpp”)
  
E:\Codes\repos\computer-graphics-master\Graphics\Assistance.h(1,1): warning C4828: 文件包含在偏移 0x36 处开始的字符，该字符在当前源字符集中无效(代码页 65001)。
  (编译源文件“Assistance.cpp”)
  
E:\Codes\repos\computer-graphics-master\Graphics\Assistance.h(1,1): warning C4828: 文件包含在偏移 0x38 处开始的字符，该字符在当前源字符集中无效(代码页 65001)。
  (编译源文件“Assistance.cpp”)
  
E:\Codes\repos\computer-graphics-master\Graphics\Assistance.h(1,1): warning C4828: 文件包含在偏移 0x39 处开始的字符，该字符在当前源字符集中无效(代码页 65001)。
  (编译源文件“Assistance.cpp”)
  
E:\Codes\repos\computer-graphics-master\Graphics\Assistance.h(1,1): warning C4828: 文件包含在偏移 0x3a 处开始的字符，该字符在当前源字符集中无效(代码页 65001)。
  (编译源文件“Assistance.cpp”)
  
E:\Codes\repos\computer-graphics-master\Graphics\Assistance.h(1,1): warning C4828: 文件包含在偏移 0x3c 处开始的字符，该字符在当前源字符集中无效(代码页 65001)。
  (编译源文件“Assistance.cpp”)
  
E:\Codes\repos\computer-graphics-master\Graphics\Assistance.h(1,1): warning C4828: 文件包含在偏移 0x40 处开始的字符，该字符在当前源字符集中无效(代码页 65001)。
  (编译源文件“Assistance.cpp”)
  
E:\Codes\repos\computer-graphics-master\Graphics\Assistance.h(1,1): warning C4828: 文件包含在偏移 0x148 处开始的字符，该字符在当前源字符集中无效(代码页 65001)。
  (编译源文件“Assistance.cpp”)
  
E:\Codes\repos\computer-graphics-master\Graphics\Assistance.h(1,1): warning C4828: 文件包含在偏移 0x149 处开始的字符，该字符在当前源字符集中无效(代码页 65001)。
  (编译源文件“Assistance.cpp”)
  
E:\Codes\repos\computer-graphics-master\Graphics\Assistance.h(1,1): warning C4828: 文件包含在偏移 0x14a 处开始的字符，该字符在当前源字符集中无效(代码页 65001)。
  (编译源文件“Assistance.cpp”)
  
E:\Codes\repos\computer-graphics-master\Graphics\Assistance.h(1,1): warning C4828: 文件包含在偏移 0x14c 处开始的字符，该字符在当前源字符集中无效(代码页 65001)。
  (编译源文件“Assistance.cpp”)
  
E:\Codes\repos\computer-graphics-master\Graphics\Assistance.h(1,1): warning C4828: 文件包含在偏移 0x14d 处开始的字符，该字符在当前源字符集中无效(代码页 65001)。
  (编译源文件“Assistance.cpp”)
  
E:\Codes\repos\computer-graphics-master\Graphics\Assistance.h(1,1): warning C4828: 文件包含在偏移 0x14e 处开始的字符，该字符在当前源字符集中无效(代码页 65001)。
  (编译源文件“Assistance.cpp”)
  
E:\Codes\repos\computer-graphics-master\Graphics\Assistance.h(1,1): warning C4828: 文件包含在偏移 0x150 处开始的字符，该字符在当前源字符集中无效(代码页 65001)。
  (编译源文件“Assistance.cpp”)
  
E:\Codes\repos\computer-graphics-master\Graphics\Assistance.h(1,1): warning C4828: 文件包含在偏移 0x151 处开始的字符，该字符在当前源字符集中无效(代码页 65001)。
  (编译源文件“Assistance.cpp”)
  
E:\Codes\repos\computer-graphics-master\Graphics\Assistance.h(1,1): warning C4828: 文件包含在偏移 0x152 处开始的字符，该字符在当前源字符集中无效(代码页 65001)。
  (编译源文件“Assistance.cpp”)
  
E:\Codes\repos\computer-graphics-master\Graphics\Assistance.h(1,1): warning C4828: 文件包含在偏移 0x153 处开始的字符，该字符在当前源字符集中无效(代码页 65001)。
  (编译源文件“Assistance.cpp”)
  
E:\Codes\repos\computer-graphics-master\Graphics\Assistance.h(1,1): warning C4828: 文件包含在偏移 0x154 处开始的字符，该字符在当前源字符集中无效(代码页 65001)。
  (编译源文件“Assistance.cpp”)
  
E:\Codes\repos\computer-graphics-master\Graphics\Assistance.h(1,1): warning C4828: 文件包含在偏移 0x158 处开始的字符，该字符在当前源字符集中无效(代码页 65001)。
  (编译源文件“Assistance.cpp”)
  
E:\Codes\repos\computer-graphics-master\Graphics\Assistance.h(1,1): warning C4828: 文件包含在偏移 0x159 处开始的字符，该字符在当前源字符集中无效(代码页 65001)。
  (编译源文件“Assistance.cpp”)
  
E:\Codes\repos\computer-graphics-master\Graphics\Assistance.h(1,1): warning C4828: 文件包含在偏移 0x15d 处开始的字符，该字符在当前源字符集中无效(代码页 65001)。
  (编译源文件“Assistance.cpp”)
  
E:\Codes\repos\computer-graphics-master\Graphics\Assistance.h(1,1): warning C4828: 文件包含在偏移 0x15e 处开始的字符，该字符在当前源字符集中无效(代码页 65001)。
  (编译源文件“Assistance.cpp”)
  
E:\Codes\repos\computer-graphics-master\Graphics\Assistance.h(1,1): warning C4828: 文件包含在偏移 0x160 处开始的字符，该字符在当前源字符集中无效(代码页 65001)。
  (编译源文件“Assistance.cpp”)
  
E:\Codes\repos\computer-graphics-master\Graphics\Assistance.h(1,1): warning C4828: 文件包含在偏移 0x161 处开始的字符，该字符在当前源字符集中无效(代码页 65001)。
  (编译源文件“Assistance.cpp”)
  
E:\Codes\repos\computer-graphics-master\Graphics\Assistance.h(1,1): warning C4828: 文件包含在偏移 0x162 处开始的字符，该字符在当前源字符集中无效(代码页 65001)。
  (编译源文件“Assistance.cpp”)
  
E:\Codes\repos\computer-graphics-master\Graphics\Assistance.h(1,1): warning C4828: 文件包含在偏移 0x163 处开始的字符，该字符在当前源字符集中无效(代码页 65001)。
  (编译源文件“Assistance.cpp”)
  
E:\Codes\repos\computer-graphics-master\Graphics\Assistance.h(1,1): warning C4828: 文件包含在偏移 0x1f9 处开始的字符，该字符在当前源字符集中无效(代码页 65001)。
  (编译源文件“Assistance.cpp”)
  
E:\Codes\repos\computer-graphics-master\Graphics\Assistance.h(1,1): warning C4828: 文件包含在偏移 0x1fa 处开始的字符，该字符在当前源字符集中无效(代码页 65001)。
  (编译源文件“Assistance.cpp”)
  
E:\Codes\repos\computer-graphics-master\Graphics\Assistance.h(1,1): warning C4828: 文件包含在偏移 0x1fe 处开始的字符，该字符在当前源字符集中无效(代码页 65001)。
  (编译源文件“Assistance.cpp”)
  
E:\Codes\repos\computer-graphics-master\Graphics\Assistance.h(1,1): warning C4828: 文件包含在偏移 0x200 处开始的字符，该字符在当前源字符集中无效(代码页 65001)。
  (编译源文件“Assistance.cpp”)
  
E:\Codes\repos\computer-graphics-master\Graphics\Assistance.h(1,1): warning C4828: 文件包含在偏移 0x202 处开始的字符，该字符在当前源字符集中无效(代码页 65001)。
  (编译源文件“Assistance.cpp”)
  
E:\Codes\repos\computer-graphics-master\Graphics\Assistance.h(1,1): warning C4828: 文件包含在偏移 0x259 处开始的字符，该字符在当前源字符集中无效(代码页 65001)。
  (编译源文件“Assistance.cpp”)
  
E:\Codes\repos\computer-graphics-master\Graphics\Assistance.h(1,1): warning C4828: 文件包含在偏移 0x25b 处开始的字符，该字符在当前源字符集中无效(代码页 65001)。
  (编译源文件“Assistance.cpp”)
  
E:\Codes\repos\computer-graphics-master\Graphics\Assistance.h(1,1): warning C4828: 文件包含在偏移 0x261 处开始的字符，该字符在当前源字符集中无效(代码页 65001)。
  (编译源文件“Assistance.cpp”)
  
E:\Codes\repos\computer-graphics-master\Graphics\Assistance.h(1,1): warning C4828: 文件包含在偏移 0x262 处开始的字符，该字符在当前源字符集中无效(代码页 65001)。
  (编译源文件“Assistance.cpp”)
  
E:\Codes\repos\computer-graphics-master\Graphics\Assistance.h(1,1): warning C4828: 文件包含在偏移 0x265 处开始的字符，该字符在当前源字符集中无效(代码页 65001)。
  (编译源文件“Assistance.cpp”)
  
E:\Codes\repos\computer-graphics-master\Graphics\Assistance.h(1,1): warning C4828: 文件包含在偏移 0x267 处开始的字符，该字符在当前源字符集中无效(代码页 65001)。
  (编译源文件“Assistance.cpp”)
  
E:\Codes\repos\computer-graphics-master\Graphics\Assistance.h(1,1): warning C4828: 文件包含在偏移 0x269 处开始的字符，该字符在当前源字符集中无效(代码页 65001)。
  (编译源文件“Assistance.cpp”)
  
E:\Codes\repos\computer-graphics-master\Graphics\Assistance.h(1,1): warning C4828: 文件包含在偏移 0x26a 处开始的字符，该字符在当前源字符集中无效(代码页 65001)。
  (编译源文件“Assistance.cpp”)
  
E:\Codes\repos\computer-graphics-master\Graphics\Assistance.h(1,1): warning C4828: 文件包含在偏移 0x26b 处开始的字符，该字符在当前源字符集中无效(代码页 65001)。
  (编译源文件“Assistance.cpp”)
  
E:\Codes\repos\computer-graphics-master\Graphics\Assistance.h(1,1): warning C4828: 文件包含在偏移 0x26c 处开始的字符，该字符在当前源字符集中无效(代码页 65001)。
  (编译源文件“Assistance.cpp”)
  
E:\Codes\repos\computer-graphics-master\Graphics\Assistance.h(1,1): warning C4828: 文件包含在偏移 0x26d 处开始的字符，该字符在当前源字符集中无效(代码页 65001)。
  (编译源文件“Assistance.cpp”)
  
E:\Codes\repos\computer-graphics-master\Graphics\Assistance.h(1,1): warning C4828: 文件包含在偏移 0x26e 处开始的字符，该字符在当前源字符集中无效(代码页 65001)。
  (编译源文件“Assistance.cpp”)
  
E:\Codes\repos\computer-graphics-master\Graphics\Assistance.h(1,1): warning C4828: 文件包含在偏移 0x32f 处开始的字符，该字符在当前源字符集中无效(代码页 65001)。
  (编译源文件“Assistance.cpp”)
  
E:\Codes\repos\computer-graphics-master\Graphics\Assistance.h(1,1): warning C4828: 文件包含在偏移 0x330 处开始的字符，该字符在当前源字符集中无效(代码页 65001)。
  (编译源文件“Assistance.cpp”)
  
E:\Codes\repos\computer-graphics-master\Graphics\Assistance.h(1,1): warning C4828: 文件包含在偏移 0x332 处开始的字符，该字符在当前源字符集中无效(代码页 65001)。
  (编译源文件“Assistance.cpp”)
  
E:\Codes\repos\computer-graphics-master\Graphics\Assistance.h(1,1): warning C4828: 文件包含在偏移 0x335 处开始的字符，该字符在当前源字符集中无效(代码页 65001)。
  (编译源文件“Assistance.cpp”)
  
E:\Codes\repos\computer-graphics-master\Graphics\Assistance.h(1,1): warning C4828: 文件包含在偏移 0x336 处开始的字符，该字符在当前源字符集中无效(代码页 65001)。
  (编译源文件“Assistance.cpp”)
  
E:\Codes\repos\computer-graphics-master\Graphics\Assistance.h(1,1): warning C4828: 文件包含在偏移 0x337 处开始的字符，该字符在当前源字符集中无效(代码页 65001)。
  (编译源文件“Assistance.cpp”)
  
E:\Codes\repos\computer-graphics-master\Graphics\Assistance.h(1,1): warning C4828: 文件包含在偏移 0x339 处开始的字符，该字符在当前源字符集中无效(代码页 65001)。
  (编译源文件“Assistance.cpp”)
  
E:\Codes\repos\computer-graphics-master\Graphics\Assistance.h(1,1): warning C4828: 文件包含在偏移 0x33e 处开始的字符，该字符在当前源字符集中无效(代码页 65001)。
  (编译源文件“Assistance.cpp”)
  
E:\Codes\repos\computer-graphics-master\Graphics\Assistance.h(1,1): warning C4828: 文件包含在偏移 0x397 处开始的字符，该字符在当前源字符集中无效(代码页 65001)。
  (编译源文件“Assistance.cpp”)
  
E:\Codes\repos\computer-graphics-master\Graphics\Assistance.h(1,1): warning C4828: 文件包含在偏移 0x398 处开始的字符，该字符在当前源字符集中无效(代码页 65001)。
  (编译源文件“Assistance.cpp”)
  
E:\Codes\repos\computer-graphics-master\Graphics\Assistance.h(1,1): warning C4828: 文件包含在偏移 0x399 处开始的字符，该字符在当前源字符集中无效(代码页 65001)。
  (编译源文件“Assistance.cpp”)
  
E:\Codes\repos\computer-graphics-master\Graphics\Assistance.h(1,1): warning C4828: 文件包含在偏移 0x39b 处开始的字符，该字符在当前源字符集中无效(代码页 65001)。
  (编译源文件“Assistance.cpp”)
  
E:\Codes\repos\computer-graphics-master\Graphics\Assistance.h(1,1): warning C4828: 文件包含在偏移 0x39f 处开始的字符，该字符在当前源字符集中无效(代码页 65001)。
  (编译源文件“Assistance.cpp”)
  
E:\Codes\repos\computer-graphics-master\Graphics\Assistance.h(1,1): warning C4828: 文件包含在偏移 0x3a1 处开始的字符，该字符在当前源字符集中无效(代码页 65001)。
  (编译源文件“Assistance.cpp”)
  
E:\Codes\repos\computer-graphics-master\Graphics\Assistance.h(1,1): warning C4828: 文件包含在偏移 0x3a3 处开始的字符，该字符在当前源字符集中无效(代码页 65001)。
  (编译源文件“Assistance.cpp”)
  
E:\Codes\repos\computer-graphics-master\Graphics\Assistance.h(1,1): warning C4828: 文件包含在偏移 0x3a6 处开始的字符，该字符在当前源字符集中无效(代码页 65001)。
  (编译源文件“Assistance.cpp”)
  
E:\Codes\repos\computer-graphics-master\Graphics\Assistance.h(1,1): warning C4828: 文件包含在偏移 0x3a8 处开始的字符，该字符在当前源字符集中无效(代码页 65001)。
  (编译源文件“Assistance.cpp”)
  
E:\Codes\repos\computer-graphics-master\Graphics\Assistance.h(1,1): warning C4828: 文件包含在偏移 0x3a9 处开始的字符，该字符在当前源字符集中无效(代码页 65001)。
  (编译源文件“Assistance.cpp”)
  
E:\Codes\repos\computer-graphics-master\Graphics\Assistance.h(1,1): warning C4828: 文件包含在偏移 0x3aa 处开始的字符，该字符在当前源字符集中无效(代码页 65001)。
  (编译源文件“Assistance.cpp”)
  
E:\Codes\repos\computer-graphics-master\Graphics\Assistance.h(1,1): warning C4828: 文件包含在偏移 0x3ab 处开始的字符，该字符在当前源字符集中无效(代码页 65001)。
  (编译源文件“Assistance.cpp”)
  
E:\Codes\repos\computer-graphics-master\Graphics\Assistance.h(1,1): warning C4828: 文件包含在偏移 0x3ac 处开始的字符，该字符在当前源字符集中无效(代码页 65001)。
  (编译源文件“Assistance.cpp”)
  
E:\Codes\repos\computer-graphics-master\Graphics\Assistance.h(1,1): warning C4828: 文件包含在偏移 0x3ad 处开始的字符，该字符在当前源字符集中无效(代码页 65001)。
  (编译源文件“Assistance.cpp”)
  
E:\Codes\repos\computer-graphics-master\Graphics\Assistance.h(1,1): warning C4828: 文件包含在偏移 0x3af 处开始的字符，该字符在当前源字符集中无效(代码页 65001)。
  (编译源文件“Assistance.cpp”)
  
E:\Codes\repos\computer-graphics-master\Graphics\Assistance.h(1,1): warning C4828: 文件包含在偏移 0x3b0 处开始的字符，该字符在当前源字符集中无效(代码页 65001)。
  (编译源文件“Assistance.cpp”)
  
E:\Codes\repos\computer-graphics-master\Graphics\Assistance.h(1,1): warning C4828: 文件包含在偏移 0x54e 处开始的字符，该字符在当前源字符集中无效(代码页 65001)。
  (编译源文件“Assistance.cpp”)
  
E:\Codes\repos\computer-graphics-master\Graphics\Assistance.h(1,1): warning C4828: 文件包含在偏移 0x550 处开始的字符，该字符在当前源字符集中无效(代码页 65001)。
  (编译源文件“Assistance.cpp”)
  
E:\Codes\repos\computer-graphics-master\Graphics\Assistance.h(1,1): warning C4828: 文件包含在偏移 0x551 处开始的字符，该字符在当前源字符集中无效(代码页 65001)。
  (编译源文件“Assistance.cpp”)
  
E:\Codes\repos\computer-graphics-master\Graphics\Assistance.h(1,1): warning C4828: 文件包含在偏移 0x555 处开始的字符，该字符在当前源字符集中无效(代码页 65001)。
  (编译源文件“Assistance.cpp”)
  
E:\Codes\repos\computer-graphics-master\Graphics\Assistance.h(1,1): warning C4828: 文件包含在偏移 0x559 处开始的字符，该字符在当前源字符集中无效(代码页 65001)。
  (编译源文件“Assistance.cpp”)
  
E:\Codes\repos\computer-graphics-master\Graphics\Assistance.h(1,1): warning C4828: 文件包含在偏移 0x55c 处开始的字符，该字符在当前源字符集中无效(代码页 65001)。
  (编译源文件“Assistance.cpp”)
  
E:\Codes\repos\computer-graphics-master\Graphics\Assistance.h(1,1): warning C4828: 文件包含在偏移 0x5dd 处开始的字符，该字符在当前源字符集中无效(代码页 65001)。
  (编译源文件“Assistance.cpp”)
  
E:\Codes\repos\computer-graphics-master\Graphics\Assistance.h(1,1): warning C4828: 文件包含在偏移 0x5df 处开始的字符，该字符在当前源字符集中无效(代码页 65001)。
  (编译源文件“Assistance.cpp”)
  
E:\Codes\repos\computer-graphics-master\Graphics\Assistance.h(1,1): warning C4828: 文件包含在偏移 0x5e0 处开始的字符，该字符在当前源字符集中无效(代码页 65001)。
  (编译源文件“Assistance.cpp”)
  
E:\Codes\repos\computer-graphics-master\Graphics\Assistance.h(1,1): warning C4828: 文件包含在偏移 0x5e4 处开始的字符，该字符在当前源字符集中无效(代码页 65001)。
  (编译源文件“Assistance.cpp”)
  
E:\Codes\repos\computer-graphics-master\Graphics\Assistance.h(1,1): warning C4828: 文件包含在偏移 0x5e8 处开始的字符，该字符在当前源字符集中无效(代码页 65001)。
  (编译源文件“Assistance.cpp”)
  
E:\Codes\repos\computer-graphics-master\Graphics\Assistance.h(1,1): warning C4828: 文件包含在偏移 0x5eb 处开始的字符，该字符在当前源字符集中无效(代码页 65001)。
  (编译源文件“Assistance.cpp”)
  
E:\Codes\repos\computer-graphics-master\Graphics\Assistance.h(1,1): warning C4828: 文件包含在偏移 0x5ec 处开始的字符，该字符在当前源字符集中无效(代码页 65001)。
  (编译源文件“Assistance.cpp”)
  
E:\Codes\repos\computer-graphics-master\Graphics\Assistance.h(1,1): warning C4828: 文件包含在偏移 0x5ee 处开始的字符，该字符在当前源字符集中无效(代码页 65001)。
  (编译源文件“Assistance.cpp”)
  
E:\Codes\repos\computer-graphics-master\Graphics\Assistance.cpp(117,38): warning C4305: “+=”: 从“double”到“float”截断
E:\Codes\repos\computer-graphics-master\Graphics\Assistance.cpp(118,34): warning C4305: “+=”: 从“double”到“float”截断
E:\Codes\repos\computer-graphics-master\Graphics\Assistance.cpp(119,38): warning C4305: “+=”: 从“double”到“float”截断
E:\Codes\repos\computer-graphics-master\Graphics\Assistance.h(1,1): warning C4828: 文件包含在偏移 0x32 处开始的字符，该字符在当前源字符集中无效(代码页 65001)。
  (编译源文件“main.cpp”)
  
E:\Codes\repos\computer-graphics-master\Graphics\Assistance.h(1,1): warning C4828: 文件包含在偏移 0x36 处开始的字符，该字符在当前源字符集中无效(代码页 65001)。
  (编译源文件“main.cpp”)
  
E:\Codes\repos\computer-graphics-master\Graphics\Assistance.h(1,1): warning C4828: 文件包含在偏移 0x38 处开始的字符，该字符在当前源字符集中无效(代码页 65001)。
  (编译源文件“main.cpp”)
  
E:\Codes\repos\computer-graphics-master\Graphics\Assistance.h(1,1): warning C4828: 文件包含在偏移 0x39 处开始的字符，该字符在当前源字符集中无效(代码页 65001)。
  (编译源文件“main.cpp”)
  
E:\Codes\repos\computer-graphics-master\Graphics\Assistance.h(1,1): warning C4828: 文件包含在偏移 0x3a 处开始的字符，该字符在当前源字符集中无效(代码页 65001)。
  (编译源文件“main.cpp”)
  
E:\Codes\repos\computer-graphics-master\Graphics\Assistance.h(1,1): warning C4828: 文件包含在偏移 0x3c 处开始的字符，该字符在当前源字符集中无效(代码页 65001)。
  (编译源文件“main.cpp”)
  
E:\Codes\repos\computer-graphics-master\Graphics\Assistance.h(1,1): warning C4828: 文件包含在偏移 0x40 处开始的字符，该字符在当前源字符集中无效(代码页 65001)。
  (编译源文件“main.cpp”)
  
E:\Codes\repos\computer-graphics-master\Graphics\Assistance.h(1,1): warning C4828: 文件包含在偏移 0x148 处开始的字符，该字符在当前源字符集中无效(代码页 65001)。
  (编译源文件“main.cpp”)
  
E:\Codes\repos\computer-graphics-master\Graphics\Assistance.h(1,1): warning C4828: 文件包含在偏移 0x149 处开始的字符，该字符在当前源字符集中无效(代码页 65001)。
  (编译源文件“main.cpp”)
  
E:\Codes\repos\computer-graphics-master\Graphics\Assistance.h(1,1): warning C4828: 文件包含在偏移 0x14a 处开始的字符，该字符在当前源字符集中无效(代码页 65001)。
  (编译源文件“main.cpp”)
  
E:\Codes\repos\computer-graphics-master\Graphics\Assistance.h(1,1): warning C4828: 文件包含在偏移 0x14c 处开始的字符，该字符在当前源字符集中无效(代码页 65001)。
  (编译源文件“main.cpp”)
  
E:\Codes\repos\computer-graphics-master\Graphics\Assistance.h(1,1): warning C4828: 文件包含在偏移 0x14d 处开始的字符，该字符在当前源字符集中无效(代码页 65001)。
  (编译源文件“main.cpp”)
  
E:\Codes\repos\computer-graphics-master\Graphics\Assistance.h(1,1): warning C4828: 文件包含在偏移 0x14e 处开始的字符，该字符在当前源字符集中无效(代码页 65001)。
  (编译源文件“main.cpp”)
  
E:\Codes\repos\computer-graphics-master\Graphics\Assistance.h(1,1): warning C4828: 文件包含在偏移 0x150 处开始的字符，该字符在当前源字符集中无效(代码页 65001)。
  (编译源文件“main.cpp”)
  
E:\Codes\repos\computer-graphics-master\Graphics\Assistance.h(1,1): warning C4828: 文件包含在偏移 0x151 处开始的字符，该字符在当前源字符集中无效(代码页 65001)。
  (编译源文件“main.cpp”)
  
E:\Codes\repos\computer-graphics-master\Graphics\Assistance.h(1,1): warning C4828: 文件包含在偏移 0x152 处开始的字符，该字符在当前源字符集中无效(代码页 65001)。
  (编译源文件“main.cpp”)
  
E:\Codes\repos\computer-graphics-master\Graphics\Assistance.h(1,1): warning C4828: 文件包含在偏移 0x153 处开始的字符，该字符在当前源字符集中无效(代码页 65001)。
  (编译源文件“main.cpp”)
  
E:\Codes\repos\computer-graphics-master\Graphics\Assistance.h(1,1): warning C4828: 文件包含在偏移 0x154 处开始的字符，该字符在当前源字符集中无效(代码页 65001)。
  (编译源文件“main.cpp”)
  
E:\Codes\repos\computer-graphics-master\Graphics\Assistance.h(1,1): warning C4828: 文件包含在偏移 0x158 处开始的字符，该字符在当前源字符集中无效(代码页 65001)。
  (编译源文件“main.cpp”)
  
E:\Codes\repos\computer-graphics-master\Graphics\Assistance.h(1,1): warning C4828: 文件包含在偏移 0x159 处开始的字符，该字符在当前源字符集中无效(代码页 65001)。
  (编译源文件“main.cpp”)
  
E:\Codes\repos\computer-graphics-master\Graphics\Assistance.h(1,1): warning C4828: 文件包含在偏移 0x15d 处开始的字符，该字符在当前源字符集中无效(代码页 65001)。
  (编译源文件“main.cpp”)
  
E:\Codes\repos\computer-graphics-master\Graphics\Assistance.h(1,1): warning C4828: 文件包含在偏移 0x15e 处开始的字符，该字符在当前源字符集中无效(代码页 65001)。
  (编译源文件“main.cpp”)
  
E:\Codes\repos\computer-graphics-master\Graphics\Assistance.h(1,1): warning C4828: 文件包含在偏移 0x160 处开始的字符，该字符在当前源字符集中无效(代码页 65001)。
  (编译源文件“main.cpp”)
  
E:\Codes\repos\computer-graphics-master\Graphics\Assistance.h(1,1): warning C4828: 文件包含在偏移 0x161 处开始的字符，该字符在当前源字符集中无效(代码页 65001)。
  (编译源文件“main.cpp”)
  
E:\Codes\repos\computer-graphics-master\Graphics\Assistance.h(1,1): warning C4828: 文件包含在偏移 0x162 处开始的字符，该字符在当前源字符集中无效(代码页 65001)。
  (编译源文件“main.cpp”)
  
E:\Codes\repos\computer-graphics-master\Graphics\Assistance.h(1,1): warning C4828: 文件包含在偏移 0x163 处开始的字符，该字符在当前源字符集中无效(代码页 65001)。
  (编译源文件“main.cpp”)
  
E:\Codes\repos\computer-graphics-master\Graphics\Assistance.h(1,1): warning C4828: 文件包含在偏移 0x1f9 处开始的字符，该字符在当前源字符集中无效(代码页 65001)。
  (编译源文件“main.cpp”)
  
E:\Codes\repos\computer-graphics-master\Graphics\Assistance.h(1,1): warning C4828: 文件包含在偏移 0x1fa 处开始的字符，该字符在当前源字符集中无效(代码页 65001)。
  (编译源文件“main.cpp”)
  
E:\Codes\repos\computer-graphics-master\Graphics\Assistance.h(1,1): warning C4828: 文件包含在偏移 0x1fe 处开始的字符，该字符在当前源字符集中无效(代码页 65001)。
  (编译源文件“main.cpp”)
  
E:\Codes\repos\computer-graphics-master\Graphics\Assistance.h(1,1): warning C4828: 文件包含在偏移 0x200 处开始的字符，该字符在当前源字符集中无效(代码页 65001)。
  (编译源文件“main.cpp”)
  
E:\Codes\repos\computer-graphics-master\Graphics\Assistance.h(1,1): warning C4828: 文件包含在偏移 0x202 处开始的字符，该字符在当前源字符集中无效(代码页 65001)。
  (编译源文件“main.cpp”)
  
E:\Codes\repos\computer-graphics-master\Graphics\Assistance.h(1,1): warning C4828: 文件包含在偏移 0x259 处开始的字符，该字符在当前源字符集中无效(代码页 65001)。
  (编译源文件“main.cpp”)
  
E:\Codes\repos\computer-graphics-master\Graphics\Assistance.h(1,1): warning C4828: 文件包含在偏移 0x25b 处开始的字符，该字符在当前源字符集中无效(代码页 65001)。
  (编译源文件“main.cpp”)
  
E:\Codes\repos\computer-graphics-master\Graphics\Assistance.h(1,1): warning C4828: 文件包含在偏移 0x261 处开始的字符，该字符在当前源字符集中无效(代码页 65001)。
  (编译源文件“main.cpp”)
  
E:\Codes\repos\computer-graphics-master\Graphics\Assistance.h(1,1): warning C4828: 文件包含在偏移 0x262 处开始的字符，该字符在当前源字符集中无效(代码页 65001)。
  (编译源文件“main.cpp”)
  
E:\Codes\repos\computer-graphics-master\Graphics\Assistance.h(1,1): warning C4828: 文件包含在偏移 0x265 处开始的字符，该字符在当前源字符集中无效(代码页 65001)。
  (编译源文件“main.cpp”)
  
E:\Codes\repos\computer-graphics-master\Graphics\Assistance.h(1,1): warning C4828: 文件包含在偏移 0x267 处开始的字符，该字符在当前源字符集中无效(代码页 65001)。
  (编译源文件“main.cpp”)
  
E:\Codes\repos\computer-graphics-master\Graphics\Assistance.h(1,1): warning C4828: 文件包含在偏移 0x269 处开始的字符，该字符在当前源字符集中无效(代码页 65001)。
  (编译源文件“main.cpp”)
  
E:\Codes\repos\computer-graphics-master\Graphics\Assistance.h(1,1): warning C4828: 文件包含在偏移 0x26a 处开始的字符，该字符在当前源字符集中无效(代码页 65001)。
  (编译源文件“main.cpp”)
  
E:\Codes\repos\computer-graphics-master\Graphics\Assistance.h(1,1): warning C4828: 文件包含在偏移 0x26b 处开始的字符，该字符在当前源字符集中无效(代码页 65001)。
  (编译源文件“main.cpp”)
  
E:\Codes\repos\computer-graphics-master\Graphics\Assistance.h(1,1): warning C4828: 文件包含在偏移 0x26c 处开始的字符，该字符在当前源字符集中无效(代码页 65001)。
  (编译源文件“main.cpp”)
  
E:\Codes\repos\computer-graphics-master\Graphics\Assistance.h(1,1): warning C4828: 文件包含在偏移 0x26d 处开始的字符，该字符在当前源字符集中无效(代码页 65001)。
  (编译源文件“main.cpp”)
  
E:\Codes\repos\computer-graphics-master\Graphics\Assistance.h(1,1): warning C4828: 文件包含在偏移 0x26e 处开始的字符，该字符在当前源字符集中无效(代码页 65001)。
  (编译源文件“main.cpp”)
  
E:\Codes\repos\computer-graphics-master\Graphics\Assistance.h(1,1): warning C4828: 文件包含在偏移 0x32f 处开始的字符，该字符在当前源字符集中无效(代码页 65001)。
  (编译源文件“main.cpp”)
  
E:\Codes\repos\computer-graphics-master\Graphics\Assistance.h(1,1): warning C4828: 文件包含在偏移 0x330 处开始的字符，该字符在当前源字符集中无效(代码页 65001)。
  (编译源文件“main.cpp”)
  
E:\Codes\repos\computer-graphics-master\Graphics\Assistance.h(1,1): warning C4828: 文件包含在偏移 0x332 处开始的字符，该字符在当前源字符集中无效(代码页 65001)。
  (编译源文件“main.cpp”)
  
E:\Codes\repos\computer-graphics-master\Graphics\Assistance.h(1,1): warning C4828: 文件包含在偏移 0x335 处开始的字符，该字符在当前源字符集中无效(代码页 65001)。
  (编译源文件“main.cpp”)
  
E:\Codes\repos\computer-graphics-master\Graphics\Assistance.h(1,1): warning C4828: 文件包含在偏移 0x336 处开始的字符，该字符在当前源字符集中无效(代码页 65001)。
  (编译源文件“main.cpp”)
  
E:\Codes\repos\computer-graphics-master\Graphics\Assistance.h(1,1): warning C4828: 文件包含在偏移 0x337 处开始的字符，该字符在当前源字符集中无效(代码页 65001)。
  (编译源文件“main.cpp”)
  
E:\Codes\repos\computer-graphics-master\Graphics\Assistance.h(1,1): warning C4828: 文件包含在偏移 0x339 处开始的字符，该字符在当前源字符集中无效(代码页 65001)。
  (编译源文件“main.cpp”)
  
E:\Codes\repos\computer-graphics-master\Graphics\Assistance.h(1,1): warning C4828: 文件包含在偏移 0x33e 处开始的字符，该字符在当前源字符集中无效(代码页 65001)。
  (编译源文件“main.cpp”)
  
E:\Codes\repos\computer-graphics-master\Graphics\Assistance.h(1,1): warning C4828: 文件包含在偏移 0x397 处开始的字符，该字符在当前源字符集中无效(代码页 65001)。
  (编译源文件“main.cpp”)
  
E:\Codes\repos\computer-graphics-master\Graphics\Assistance.h(1,1): warning C4828: 文件包含在偏移 0x398 处开始的字符，该字符在当前源字符集中无效(代码页 65001)。
  (编译源文件“main.cpp”)
  
E:\Codes\repos\computer-graphics-master\Graphics\Assistance.h(1,1): warning C4828: 文件包含在偏移 0x399 处开始的字符，该字符在当前源字符集中无效(代码页 65001)。
  (编译源文件“main.cpp”)
  
E:\Codes\repos\computer-graphics-master\Graphics\Assistance.h(1,1): warning C4828: 文件包含在偏移 0x39b 处开始的字符，该字符在当前源字符集中无效(代码页 65001)。
  (编译源文件“main.cpp”)
  
E:\Codes\repos\computer-graphics-master\Graphics\Assistance.h(1,1): warning C4828: 文件包含在偏移 0x39f 处开始的字符，该字符在当前源字符集中无效(代码页 65001)。
  (编译源文件“main.cpp”)
  
E:\Codes\repos\computer-graphics-master\Graphics\Assistance.h(1,1): warning C4828: 文件包含在偏移 0x3a1 处开始的字符，该字符在当前源字符集中无效(代码页 65001)。
  (编译源文件“main.cpp”)
  
E:\Codes\repos\computer-graphics-master\Graphics\Assistance.h(1,1): warning C4828: 文件包含在偏移 0x3a3 处开始的字符，该字符在当前源字符集中无效(代码页 65001)。
  (编译源文件“main.cpp”)
  
E:\Codes\repos\computer-graphics-master\Graphics\Assistance.h(1,1): warning C4828: 文件包含在偏移 0x3a6 处开始的字符，该字符在当前源字符集中无效(代码页 65001)。
  (编译源文件“main.cpp”)
  
E:\Codes\repos\computer-graphics-master\Graphics\Assistance.h(1,1): warning C4828: 文件包含在偏移 0x3a8 处开始的字符，该字符在当前源字符集中无效(代码页 65001)。
  (编译源文件“main.cpp”)
  
E:\Codes\repos\computer-graphics-master\Graphics\Assistance.h(1,1): warning C4828: 文件包含在偏移 0x3a9 处开始的字符，该字符在当前源字符集中无效(代码页 65001)。
  (编译源文件“main.cpp”)
  
E:\Codes\repos\computer-graphics-master\Graphics\Assistance.h(1,1): warning C4828: 文件包含在偏移 0x3aa 处开始的字符，该字符在当前源字符集中无效(代码页 65001)。
  (编译源文件“main.cpp”)
  
E:\Codes\repos\computer-graphics-master\Graphics\Assistance.h(1,1): warning C4828: 文件包含在偏移 0x3ab 处开始的字符，该字符在当前源字符集中无效(代码页 65001)。
  (编译源文件“main.cpp”)
  
E:\Codes\repos\computer-graphics-master\Graphics\Assistance.h(1,1): warning C4828: 文件包含在偏移 0x3ac 处开始的字符，该字符在当前源字符集中无效(代码页 65001)。
  (编译源文件“main.cpp”)
  
E:\Codes\repos\computer-graphics-master\Graphics\Assistance.h(1,1): warning C4828: 文件包含在偏移 0x3ad 处开始的字符，该字符在当前源字符集中无效(代码页 65001)。
  (编译源文件“main.cpp”)
  
E:\Codes\repos\computer-graphics-master\Graphics\Assistance.h(1,1): warning C4828: 文件包含在偏移 0x3af 处开始的字符，该字符在当前源字符集中无效(代码页 65001)。
  (编译源文件“main.cpp”)
  
E:\Codes\repos\computer-graphics-master\Graphics\Assistance.h(1,1): warning C4828: 文件包含在偏移 0x3b0 处开始的字符，该字符在当前源字符集中无效(代码页 65001)。
  (编译源文件“main.cpp”)
  
E:\Codes\repos\computer-graphics-master\Graphics\Assistance.h(1,1): warning C4828: 文件包含在偏移 0x54e 处开始的字符，该字符在当前源字符集中无效(代码页 65001)。
  (编译源文件“main.cpp”)
  
E:\Codes\repos\computer-graphics-master\Graphics\Assistance.h(1,1): warning C4828: 文件包含在偏移 0x550 处开始的字符，该字符在当前源字符集中无效(代码页 65001)。
  (编译源文件“main.cpp”)
  
E:\Codes\repos\computer-graphics-master\Graphics\Assistance.h(1,1): warning C4828: 文件包含在偏移 0x551 处开始的字符，该字符在当前源字符集中无效(代码页 65001)。
  (编译源文件“main.cpp”)
  
E:\Codes\repos\computer-graphics-master\Graphics\Assistance.h(1,1): warning C4828: 文件包含在偏移 0x555 处开始的字符，该字符在当前源字符集中无效(代码页 65001)。
  (编译源文件“main.cpp”)
  
E:\Codes\repos\computer-graphics-master\Graphics\Assistance.h(1,1): warning C4828: 文件包含在偏移 0x559 处开始的字符，该字符在当前源字符集中无效(代码页 65001)。
  (编译源文件“main.cpp”)
  
E:\Codes\repos\computer-graphics-master\Graphics\Assistance.h(1,1): warning C4828: 文件包含在偏移 0x55c 处开始的字符，该字符在当前源字符集中无效(代码页 65001)。
  (编译源文件“main.cpp”)
  
E:\Codes\repos\computer-graphics-master\Graphics\Assistance.h(1,1): warning C4828: 文件包含在偏移 0x5dd 处开始的字符，该字符在当前源字符集中无效(代码页 65001)。
  (编译源文件“main.cpp”)
  
E:\Codes\repos\computer-graphics-master\Graphics\Assistance.h(1,1): warning C4828: 文件包含在偏移 0x5df 处开始的字符，该字符在当前源字符集中无效(代码页 65001)。
  (编译源文件“main.cpp”)
  
E:\Codes\repos\computer-graphics-master\Graphics\Assistance.h(1,1): warning C4828: 文件包含在偏移 0x5e0 处开始的字符，该字符在当前源字符集中无效(代码页 65001)。
  (编译源文件“main.cpp”)
  
E:\Codes\repos\computer-graphics-master\Graphics\Assistance.h(1,1): warning C4828: 文件包含在偏移 0x5e4 处开始的字符，该字符在当前源字符集中无效(代码页 65001)。
  (编译源文件“main.cpp”)
  
E:\Codes\repos\computer-graphics-master\Graphics\Assistance.h(1,1): warning C4828: 文件包含在偏移 0x5e8 处开始的字符，该字符在当前源字符集中无效(代码页 65001)。
  (编译源文件“main.cpp”)
  
E:\Codes\repos\computer-graphics-master\Graphics\Assistance.h(1,1): warning C4828: 文件包含在偏移 0x5eb 处开始的字符，该字符在当前源字符集中无效(代码页 65001)。
  (编译源文件“main.cpp”)
  
E:\Codes\repos\computer-graphics-master\Graphics\Assistance.h(1,1): warning C4828: 文件包含在偏移 0x5ec 处开始的字符，该字符在当前源字符集中无效(代码页 65001)。
  (编译源文件“main.cpp”)
  
E:\Codes\repos\computer-graphics-master\Graphics\Assistance.h(1,1): warning C4828: 文件包含在偏移 0x5ee 处开始的字符，该字符在当前源字符集中无效(代码页 65001)。
  (编译源文件“main.cpp”)
  
E:\Codes\repos\computer-graphics-master\Graphics\Assistance.h(1,1): warning C4828: 文件包含在偏移 0x32 处开始的字符，该字符在当前源字符集中无效(代码页 65001)。
  (编译源文件“PaintWidget.cpp”)
  
E:\Codes\repos\computer-graphics-master\Graphics\Assistance.h(1,1): warning C4828: 文件包含在偏移 0x36 处开始的字符，该字符在当前源字符集中无效(代码页 65001)。
  (编译源文件“PaintWidget.cpp”)
  
E:\Codes\repos\computer-graphics-master\Graphics\Assistance.h(1,1): warning C4828: 文件包含在偏移 0x38 处开始的字符，该字符在当前源字符集中无效(代码页 65001)。
  (编译源文件“PaintWidget.cpp”)
  
E:\Codes\repos\computer-graphics-master\Graphics\Assistance.h(1,1): warning C4828: 文件包含在偏移 0x39 处开始的字符，该字符在当前源字符集中无效(代码页 65001)。
  (编译源文件“PaintWidget.cpp”)
  
E:\Codes\repos\computer-graphics-master\Graphics\Assistance.h(1,1): warning C4828: 文件包含在偏移 0x3a 处开始的字符，该字符在当前源字符集中无效(代码页 65001)。
  (编译源文件“PaintWidget.cpp”)
  
E:\Codes\repos\computer-graphics-master\Graphics\Assistance.h(1,1): warning C4828: 文件包含在偏移 0x3c 处开始的字符，该字符在当前源字符集中无效(代码页 65001)。
  (编译源文件“PaintWidget.cpp”)
  
E:\Codes\repos\computer-graphics-master\Graphics\Assistance.h(1,1): warning C4828: 文件包含在偏移 0x40 处开始的字符，该字符在当前源字符集中无效(代码页 65001)。
  (编译源文件“PaintWidget.cpp”)
  
E:\Codes\repos\computer-graphics-master\Graphics\Assistance.h(1,1): warning C4828: 文件包含在偏移 0x148 处开始的字符，该字符在当前源字符集中无效(代码页 65001)。
  (编译源文件“PaintWidget.cpp”)
  
E:\Codes\repos\computer-graphics-master\Graphics\Assistance.h(1,1): warning C4828: 文件包含在偏移 0x149 处开始的字符，该字符在当前源字符集中无效(代码页 65001)。
  (编译源文件“PaintWidget.cpp”)
  
E:\Codes\repos\computer-graphics-master\Graphics\Assistance.h(1,1): warning C4828: 文件包含在偏移 0x14a 处开始的字符，该字符在当前源字符集中无效(代码页 65001)。
  (编译源文件“PaintWidget.cpp”)
  
E:\Codes\repos\computer-graphics-master\Graphics\Assistance.h(1,1): warning C4828: 文件包含在偏移 0x14c 处开始的字符，该字符在当前源字符集中无效(代码页 65001)。
  (编译源文件“PaintWidget.cpp”)
  
E:\Codes\repos\computer-graphics-master\Graphics\Assistance.h(1,1): warning C4828: 文件包含在偏移 0x14d 处开始的字符，该字符在当前源字符集中无效(代码页 65001)。
  (编译源文件“PaintWidget.cpp”)
  
E:\Codes\repos\computer-graphics-master\Graphics\Assistance.h(1,1): warning C4828: 文件包含在偏移 0x14e 处开始的字符，该字符在当前源字符集中无效(代码页 65001)。
  (编译源文件“PaintWidget.cpp”)
  
E:\Codes\repos\computer-graphics-master\Graphics\Assistance.h(1,1): warning C4828: 文件包含在偏移 0x150 处开始的字符，该字符在当前源字符集中无效(代码页 65001)。
  (编译源文件“PaintWidget.cpp”)
  
E:\Codes\repos\computer-graphics-master\Graphics\Assistance.h(1,1): warning C4828: 文件包含在偏移 0x151 处开始的字符，该字符在当前源字符集中无效(代码页 65001)。
  (编译源文件“PaintWidget.cpp”)
  
E:\Codes\repos\computer-graphics-master\Graphics\Assistance.h(1,1): warning C4828: 文件包含在偏移 0x152 处开始的字符，该字符在当前源字符集中无效(代码页 65001)。
  (编译源文件“PaintWidget.cpp”)
  
E:\Codes\repos\computer-graphics-master\Graphics\Assistance.h(1,1): warning C4828: 文件包含在偏移 0x153 处开始的字符，该字符在当前源字符集中无效(代码页 65001)。
  (编译源文件“PaintWidget.cpp”)
  
E:\Codes\repos\computer-graphics-master\Graphics\Assistance.h(1,1): warning C4828: 文件包含在偏移 0x154 处开始的字符，该字符在当前源字符集中无效(代码页 65001)。
  (编译源文件“PaintWidget.cpp”)
  
E:\Codes\repos\computer-graphics-master\Graphics\Assistance.h(1,1): warning C4828: 文件包含在偏移 0x158 处开始的字符，该字符在当前源字符集中无效(代码页 65001)。
  (编译源文件“PaintWidget.cpp”)
  
E:\Codes\repos\computer-graphics-master\Graphics\Assistance.h(1,1): warning C4828: 文件包含在偏移 0x159 处开始的字符，该字符在当前源字符集中无效(代码页 65001)。
  (编译源文件“PaintWidget.cpp”)
  
E:\Codes\repos\computer-graphics-master\Graphics\Assistance.h(1,1): warning C4828: 文件包含在偏移 0x15d 处开始的字符，该字符在当前源字符集中无效(代码页 65001)。
  (编译源文件“PaintWidget.cpp”)
  
E:\Codes\repos\computer-graphics-master\Graphics\Assistance.h(1,1): warning C4828: 文件包含在偏移 0x15e 处开始的字符，该字符在当前源字符集中无效(代码页 65001)。
  (编译源文件“PaintWidget.cpp”)
  
E:\Codes\repos\computer-graphics-master\Graphics\Assistance.h(1,1): warning C4828: 文件包含在偏移 0x160 处开始的字符，该字符在当前源字符集中无效(代码页 65001)。
  (编译源文件“PaintWidget.cpp”)
  
E:\Codes\repos\computer-graphics-master\Graphics\Assistance.h(1,1): warning C4828: 文件包含在偏移 0x161 处开始的字符，该字符在当前源字符集中无效(代码页 65001)。
  (编译源文件“PaintWidget.cpp”)
  
E:\Codes\repos\computer-graphics-master\Graphics\Assistance.h(1,1): warning C4828: 文件包含在偏移 0x162 处开始的字符，该字符在当前源字符集中无效(代码页 65001)。
  (编译源文件“PaintWidget.cpp”)
  
E:\Codes\repos\computer-graphics-master\Graphics\Assistance.h(1,1): warning C4828: 文件包含在偏移 0x163 处开始的字符，该字符在当前源字符集中无效(代码页 65001)。
  (编译源文件“PaintWidget.cpp”)
  
E:\Codes\repos\computer-graphics-master\Graphics\Assistance.h(1,1): warning C4828: 文件包含在偏移 0x1f9 处开始的字符，该字符在当前源字符集中无效(代码页 65001)。
  (编译源文件“PaintWidget.cpp”)
  
E:\Codes\repos\computer-graphics-master\Graphics\Assistance.h(1,1): warning C4828: 文件包含在偏移 0x1fa 处开始的字符，该字符在当前源字符集中无效(代码页 65001)。
  (编译源文件“PaintWidget.cpp”)
  
E:\Codes\repos\computer-graphics-master\Graphics\Assistance.h(1,1): warning C4828: 文件包含在偏移 0x1fe 处开始的字符，该字符在当前源字符集中无效(代码页 65001)。
  (编译源文件“PaintWidget.cpp”)
  
E:\Codes\repos\computer-graphics-master\Graphics\Assistance.h(1,1): warning C4828: 文件包含在偏移 0x200 处开始的字符，该字符在当前源字符集中无效(代码页 65001)。
  (编译源文件“PaintWidget.cpp”)
  
E:\Codes\repos\computer-graphics-master\Graphics\Assistance.h(1,1): warning C4828: 文件包含在偏移 0x202 处开始的字符，该字符在当前源字符集中无效(代码页 65001)。
  (编译源文件“PaintWidget.cpp”)
  
E:\Codes\repos\computer-graphics-master\Graphics\Assistance.h(1,1): warning C4828: 文件包含在偏移 0x259 处开始的字符，该字符在当前源字符集中无效(代码页 65001)。
  (编译源文件“PaintWidget.cpp”)
  
E:\Codes\repos\computer-graphics-master\Graphics\Assistance.h(1,1): warning C4828: 文件包含在偏移 0x25b 处开始的字符，该字符在当前源字符集中无效(代码页 65001)。
  (编译源文件“PaintWidget.cpp”)
  
E:\Codes\repos\computer-graphics-master\Graphics\Assistance.h(1,1): warning C4828: 文件包含在偏移 0x261 处开始的字符，该字符在当前源字符集中无效(代码页 65001)。
  (编译源文件“PaintWidget.cpp”)
  
E:\Codes\repos\computer-graphics-master\Graphics\Assistance.h(1,1): warning C4828: 文件包含在偏移 0x262 处开始的字符，该字符在当前源字符集中无效(代码页 65001)。
  (编译源文件“PaintWidget.cpp”)
  
E:\Codes\repos\computer-graphics-master\Graphics\Assistance.h(1,1): warning C4828: 文件包含在偏移 0x265 处开始的字符，该字符在当前源字符集中无效(代码页 65001)。
  (编译源文件“PaintWidget.cpp”)
  
E:\Codes\repos\computer-graphics-master\Graphics\Assistance.h(1,1): warning C4828: 文件包含在偏移 0x267 处开始的字符，该字符在当前源字符集中无效(代码页 65001)。
  (编译源文件“PaintWidget.cpp”)
  
E:\Codes\repos\computer-graphics-master\Graphics\Assistance.h(1,1): warning C4828: 文件包含在偏移 0x269 处开始的字符，该字符在当前源字符集中无效(代码页 65001)。
  (编译源文件“PaintWidget.cpp”)
  
E:\Codes\repos\computer-graphics-master\Graphics\Assistance.h(1,1): warning C4828: 文件包含在偏移 0x26a 处开始的字符，该字符在当前源字符集中无效(代码页 65001)。
  (编译源文件“PaintWidget.cpp”)
  
E:\Codes\repos\computer-graphics-master\Graphics\Assistance.h(1,1): warning C4828: 文件包含在偏移 0x26b 处开始的字符，该字符在当前源字符集中无效(代码页 65001)。
  (编译源文件“PaintWidget.cpp”)
  
E:\Codes\repos\computer-graphics-master\Graphics\Assistance.h(1,1): warning C4828: 文件包含在偏移 0x26c 处开始的字符，该字符在当前源字符集中无效(代码页 65001)。
  (编译源文件“PaintWidget.cpp”)
  
E:\Codes\repos\computer-graphics-master\Graphics\Assistance.h(1,1): warning C4828: 文件包含在偏移 0x26d 处开始的字符，该字符在当前源字符集中无效(代码页 65001)。
  (编译源文件“PaintWidget.cpp”)
  
E:\Codes\repos\computer-graphics-master\Graphics\Assistance.h(1,1): warning C4828: 文件包含在偏移 0x26e 处开始的字符，该字符在当前源字符集中无效(代码页 65001)。
  (编译源文件“PaintWidget.cpp”)
  
E:\Codes\repos\computer-graphics-master\Graphics\Assistance.h(1,1): warning C4828: 文件包含在偏移 0x32f 处开始的字符，该字符在当前源字符集中无效(代码页 65001)。
  (编译源文件“PaintWidget.cpp”)
  
E:\Codes\repos\computer-graphics-master\Graphics\Assistance.h(1,1): warning C4828: 文件包含在偏移 0x330 处开始的字符，该字符在当前源字符集中无效(代码页 65001)。
  (编译源文件“PaintWidget.cpp”)
  
E:\Codes\repos\computer-graphics-master\Graphics\Assistance.h(1,1): warning C4828: 文件包含在偏移 0x332 处开始的字符，该字符在当前源字符集中无效(代码页 65001)。
  (编译源文件“PaintWidget.cpp”)
  
E:\Codes\repos\computer-graphics-master\Graphics\Assistance.h(1,1): warning C4828: 文件包含在偏移 0x335 处开始的字符，该字符在当前源字符集中无效(代码页 65001)。
  (编译源文件“PaintWidget.cpp”)
  
E:\Codes\repos\computer-graphics-master\Graphics\Assistance.h(1,1): warning C4828: 文件包含在偏移 0x336 处开始的字符，该字符在当前源字符集中无效(代码页 65001)。
  (编译源文件“PaintWidget.cpp”)
  
E:\Codes\repos\computer-graphics-master\Graphics\Assistance.h(1,1): warning C4828: 文件包含在偏移 0x337 处开始的字符，该字符在当前源字符集中无效(代码页 65001)。
  (编译源文件“PaintWidget.cpp”)
  
E:\Codes\repos\computer-graphics-master\Graphics\Assistance.h(1,1): warning C4828: 文件包含在偏移 0x339 处开始的字符，该字符在当前源字符集中无效(代码页 65001)。
  (编译源文件“PaintWidget.cpp”)
  
E:\Codes\repos\computer-graphics-master\Graphics\Assistance.h(1,1): warning C4828: 文件包含在偏移 0x33e 处开始的字符，该字符在当前源字符集中无效(代码页 65001)。
  (编译源文件“PaintWidget.cpp”)
  
E:\Codes\repos\computer-graphics-master\Graphics\Assistance.h(1,1): warning C4828: 文件包含在偏移 0x397 处开始的字符，该字符在当前源字符集中无效(代码页 65001)。
  (编译源文件“PaintWidget.cpp”)
  
E:\Codes\repos\computer-graphics-master\Graphics\Assistance.h(1,1): warning C4828: 文件包含在偏移 0x398 处开始的字符，该字符在当前源字符集中无效(代码页 65001)。
  (编译源文件“PaintWidget.cpp”)
  
E:\Codes\repos\computer-graphics-master\Graphics\Assistance.h(1,1): warning C4828: 文件包含在偏移 0x399 处开始的字符，该字符在当前源字符集中无效(代码页 65001)。
  (编译源文件“PaintWidget.cpp”)
  
E:\Codes\repos\computer-graphics-master\Graphics\Assistance.h(1,1): warning C4828: 文件包含在偏移 0x39b 处开始的字符，该字符在当前源字符集中无效(代码页 65001)。
  (编译源文件“PaintWidget.cpp”)
  
E:\Codes\repos\computer-graphics-master\Graphics\Assistance.h(1,1): warning C4828: 文件包含在偏移 0x39f 处开始的字符，该字符在当前源字符集中无效(代码页 65001)。
  (编译源文件“PaintWidget.cpp”)
  
E:\Codes\repos\computer-graphics-master\Graphics\Assistance.h(1,1): warning C4828: 文件包含在偏移 0x3a1 处开始的字符，该字符在当前源字符集中无效(代码页 65001)。
  (编译源文件“PaintWidget.cpp”)
  
E:\Codes\repos\computer-graphics-master\Graphics\Assistance.h(1,1): warning C4828: 文件包含在偏移 0x3a3 处开始的字符，该字符在当前源字符集中无效(代码页 65001)。
  (编译源文件“PaintWidget.cpp”)
  
E:\Codes\repos\computer-graphics-master\Graphics\Assistance.h(1,1): warning C4828: 文件包含在偏移 0x3a6 处开始的字符，该字符在当前源字符集中无效(代码页 65001)。
  (编译源文件“PaintWidget.cpp”)
  
E:\Codes\repos\computer-graphics-master\Graphics\Assistance.h(1,1): warning C4828: 文件包含在偏移 0x3a8 处开始的字符，该字符在当前源字符集中无效(代码页 65001)。
  (编译源文件“PaintWidget.cpp”)
  
E:\Codes\repos\computer-graphics-master\Graphics\Assistance.h(1,1): warning C4828: 文件包含在偏移 0x3a9 处开始的字符，该字符在当前源字符集中无效(代码页 65001)。
  (编译源文件“PaintWidget.cpp”)
  
E:\Codes\repos\computer-graphics-master\Graphics\Assistance.h(1,1): warning C4828: 文件包含在偏移 0x3aa 处开始的字符，该字符在当前源字符集中无效(代码页 65001)。
  (编译源文件“PaintWidget.cpp”)
  
E:\Codes\repos\computer-graphics-master\Graphics\Assistance.h(1,1): warning C4828: 文件包含在偏移 0x3ab 处开始的字符，该字符在当前源字符集中无效(代码页 65001)。
  (编译源文件“PaintWidget.cpp”)
  
E:\Codes\repos\computer-graphics-master\Graphics\Assistance.h(1,1): warning C4828: 文件包含在偏移 0x3ac 处开始的字符，该字符在当前源字符集中无效(代码页 65001)。
  (编译源文件“PaintWidget.cpp”)
  
E:\Codes\repos\computer-graphics-master\Graphics\Assistance.h(1,1): warning C4828: 文件包含在偏移 0x3ad 处开始的字符，该字符在当前源字符集中无效(代码页 65001)。
  (编译源文件“PaintWidget.cpp”)
  
E:\Codes\repos\computer-graphics-master\Graphics\Assistance.h(1,1): warning C4828: 文件包含在偏移 0x3af 处开始的字符，该字符在当前源字符集中无效(代码页 65001)。
  (编译源文件“PaintWidget.cpp”)
  
E:\Codes\repos\computer-graphics-master\Graphics\Assistance.h(1,1): warning C4828: 文件包含在偏移 0x3b0 处开始的字符，该字符在当前源字符集中无效(代码页 65001)。
  (编译源文件“PaintWidget.cpp”)
  
E:\Codes\repos\computer-graphics-master\Graphics\Assistance.h(1,1): warning C4828: 文件包含在偏移 0x54e 处开始的字符，该字符在当前源字符集中无效(代码页 65001)。
  (编译源文件“PaintWidget.cpp”)
  
E:\Codes\repos\computer-graphics-master\Graphics\Assistance.h(1,1): warning C4828: 文件包含在偏移 0x550 处开始的字符，该字符在当前源字符集中无效(代码页 65001)。
  (编译源文件“PaintWidget.cpp”)
  
E:\Codes\repos\computer-graphics-master\Graphics\Assistance.h(1,1): warning C4828: 文件包含在偏移 0x551 处开始的字符，该字符在当前源字符集中无效(代码页 65001)。
  (编译源文件“PaintWidget.cpp”)
  
E:\Codes\repos\computer-graphics-master\Graphics\Assistance.h(1,1): warning C4828: 文件包含在偏移 0x555 处开始的字符，该字符在当前源字符集中无效(代码页 65001)。
  (编译源文件“PaintWidget.cpp”)
  
E:\Codes\repos\computer-graphics-master\Graphics\Assistance.h(1,1): warning C4828: 文件包含在偏移 0x559 处开始的字符，该字符在当前源字符集中无效(代码页 65001)。
  (编译源文件“PaintWidget.cpp”)
  
E:\Codes\repos\computer-graphics-master\Graphics\Assistance.h(1,1): warning C4828: 文件包含在偏移 0x55c 处开始的字符，该字符在当前源字符集中无效(代码页 65001)。
  (编译源文件“PaintWidget.cpp”)
  
E:\Codes\repos\computer-graphics-master\Graphics\Assistance.h(1,1): warning C4828: 文件包含在偏移 0x5dd 处开始的字符，该字符在当前源字符集中无效(代码页 65001)。
  (编译源文件“PaintWidget.cpp”)
  
E:\Codes\repos\computer-graphics-master\Graphics\Assistance.h(1,1): warning C4828: 文件包含在偏移 0x5df 处开始的字符，该字符在当前源字符集中无效(代码页 65001)。
  (编译源文件“PaintWidget.cpp”)
  
E:\Codes\repos\computer-graphics-master\Graphics\Assistance.h(1,1): warning C4828: 文件包含在偏移 0x5e0 处开始的字符，该字符在当前源字符集中无效(代码页 65001)。
  (编译源文件“PaintWidget.cpp”)
  
E:\Codes\repos\computer-graphics-master\Graphics\Assistance.h(1,1): warning C4828: 文件包含在偏移 0x5e4 处开始的字符，该字符在当前源字符集中无效(代码页 65001)。
  (编译源文件“PaintWidget.cpp”)
  
E:\Codes\repos\computer-graphics-master\Graphics\Assistance.h(1,1): warning C4828: 文件包含在偏移 0x5e8 处开始的字符，该字符在当前源字符集中无效(代码页 65001)。
  (编译源文件“PaintWidget.cpp”)
  
E:\Codes\repos\computer-graphics-master\Graphics\Assistance.h(1,1): warning C4828: 文件包含在偏移 0x5eb 处开始的字符，该字符在当前源字符集中无效(代码页 65001)。
  (编译源文件“PaintWidget.cpp”)
  
E:\Codes\repos\computer-graphics-master\Graphics\Assistance.h(1,1): warning C4828: 文件包含在偏移 0x5ec 处开始的字符，该字符在当前源字符集中无效(代码页 65001)。
  (编译源文件“PaintWidget.cpp”)
  
E:\Codes\repos\computer-graphics-master\Graphics\Assistance.h(1,1): warning C4828: 文件包含在偏移 0x5ee 处开始的字符，该字符在当前源字符集中无效(代码页 65001)。
  (编译源文件“PaintWidget.cpp”)
  
E:\Codes\repos\computer-graphics-master\Graphics\PaintWidget.cpp(262,46): warning C4267: “/=”: 从“size_t”转换到“int”，可能丢失数据
E:\Codes\repos\computer-graphics-master\Graphics\PaintWidget.cpp(263,46): warning C4267: “/=”: 从“size_t”转换到“int”，可能丢失数据
E:\Codes\repos\computer-graphics-master\Graphics\PaintWidget.cpp(861,35): warning C4267: “/=”: 从“size_t”转换到“int”，可能丢失数据
E:\Codes\repos\computer-graphics-master\Graphics\PaintWidget.cpp(862,35): warning C4267: “/=”: 从“size_t”转换到“int”，可能丢失数据
E:\Codes\repos\computer-graphics-master\Graphics\PaintWidget.cpp(960,71): warning C4267: “参数”: 从“size_t”转换到“int”，可能丢失数据
E:\Codes\repos\computer-graphics-master\Graphics\PaintWidget.cpp(1013,48): warning C4267: “参数”: 从“size_t”转换到“int”，可能丢失数据
E:\Codes\repos\computer-graphics-master\Graphics\PaintWidget.cpp(1093,27): warning C4267: “/=”: 从“size_t”转换到“int”，可能丢失数据
E:\Codes\repos\computer-graphics-master\Graphics\PaintWidget.cpp(1094,27): warning C4267: “/=”: 从“size_t”转换到“int”，可能丢失数据
E:\Codes\repos\computer-graphics-master\Graphics\PaintWidget.cpp(1159,20): warning C4267: “初始化”: 从“size_t”转换到“int”，可能丢失数据
E:\Codes\repos\computer-graphics-master\Graphics\PaintWidget.cpp(1192,20): warning C4267: “初始化”: 从“size_t”转换到“int”，可能丢失数据
E:\Codes\repos\computer-graphics-master\Graphics\PaintWidget.cpp(1311,20): warning C4267: “初始化”: 从“size_t”转换到“int”，可能丢失数据
E:\Codes\repos\computer-graphics-master\Graphics\PaintWidget.cpp(1672,61): warning C4267: “参数”: 从“size_t”转换到“int”，可能丢失数据
E:\Codes\repos\computer-graphics-master\Graphics\PaintWidget.cpp(1690,8): warning C4267: “初始化”: 从“size_t”转换到“int”，可能丢失数据
  qrc_Graphics.cpp
  moc_Graphics.cpp
  moc_PaintWidget.cpp
  moc_LayoutWidget.cpp
E:\Codes\repos\computer-graphics-master\Graphics\Assistance.h(1,1): warning C4828: 文件包含在偏移 0x32 处开始的字符，该字符在当前源字符集中无效(代码页 65001)。
  (编译源文件“x64/Debug/qt/moc/moc_PaintWidget.cpp”)
  
E:\Codes\repos\computer-graphics-master\Graphics\Assistance.h(1,1): warning C4828: 文件包含在偏移 0x36 处开始的字符，该字符在当前源字符集中无效(代码页 65001)。
  (编译源文件“x64/Debug/qt/moc/moc_PaintWidget.cpp”)
  
E:\Codes\repos\computer-graphics-master\Graphics\Assistance.h(1,1): warning C4828: 文件包含在偏移 0x38 处开始的字符，该字符在当前源字符集中无效(代码页 65001)。
  (编译源文件“x64/Debug/qt/moc/moc_PaintWidget.cpp”)
  
E:\Codes\repos\computer-graphics-master\Graphics\Assistance.h(1,1): warning C4828: 文件包含在偏移 0x39 处开始的字符，该字符在当前源字符集中无效(代码页 65001)。
  (编译源文件“x64/Debug/qt/moc/moc_PaintWidget.cpp”)
  
E:\Codes\repos\computer-graphics-master\Graphics\Assistance.h(1,1): warning C4828: 文件包含在偏移 0x3a 处开始的字符，该字符在当前源字符集中无效(代码页 65001)。
  (编译源文件“x64/Debug/qt/moc/moc_PaintWidget.cpp”)
  
E:\Codes\repos\computer-graphics-master\Graphics\Assistance.h(1,1): warning C4828: 文件包含在偏移 0x3c 处开始的字符，该字符在当前源字符集中无效(代码页 65001)。
  (编译源文件“x64/Debug/qt/moc/moc_PaintWidget.cpp”)
  
E:\Codes\repos\computer-graphics-master\Graphics\Assistance.h(1,1): warning C4828: 文件包含在偏移 0x40 处开始的字符，该字符在当前源字符集中无效(代码页 65001)。
  (编译源文件“x64/Debug/qt/moc/moc_PaintWidget.cpp”)
  
E:\Codes\repos\computer-graphics-master\Graphics\Assistance.h(1,1): warning C4828: 文件包含在偏移 0x148 处开始的字符，该字符在当前源字符集中无效(代码页 65001)。
  (编译源文件“x64/Debug/qt/moc/moc_PaintWidget.cpp”)
  
E:\Codes\repos\computer-graphics-master\Graphics\Assistance.h(1,1): warning C4828: 文件包含在偏移 0x149 处开始的字符，该字符在当前源字符集中无效(代码页 65001)。
  (编译源文件“x64/Debug/qt/moc/moc_PaintWidget.cpp”)
  
E:\Codes\repos\computer-graphics-master\Graphics\Assistance.h(1,1): warning C4828: 文件包含在偏移 0x14a 处开始的字符，该字符在当前源字符集中无效(代码页 65001)。
  (编译源文件“x64/Debug/qt/moc/moc_PaintWidget.cpp”)
  
E:\Codes\repos\computer-graphics-master\Graphics\Assistance.h(1,1): warning C4828: 文件包含在偏移 0x14c 处开始的字符，该字符在当前源字符集中无效(代码页 65001)。
  (编译源文件“x64/Debug/qt/moc/moc_PaintWidget.cpp”)
  
E:\Codes\repos\computer-graphics-master\Graphics\Assistance.h(1,1): warning C4828: 文件包含在偏移 0x14d 处开始的字符，该字符在当前源字符集中无效(代码页 65001)。
  (编译源文件“x64/Debug/qt/moc/moc_PaintWidget.cpp”)
  
E:\Codes\repos\computer-graphics-master\Graphics\Assistance.h(1,1): warning C4828: 文件包含在偏移 0x14e 处开始的字符，该字符在当前源字符集中无效(代码页 65001)。
  (编译源文件“x64/Debug/qt/moc/moc_PaintWidget.cpp”)
  
E:\Codes\repos\computer-graphics-master\Graphics\Assistance.h(1,1): warning C4828: 文件包含在偏移 0x150 处开始的字符，该字符在当前源字符集中无效(代码页 65001)。
  (编译源文件“x64/Debug/qt/moc/moc_PaintWidget.cpp”)
  
E:\Codes\repos\computer-graphics-master\Graphics\Assistance.h(1,1): warning C4828: 文件包含在偏移 0x151 处开始的字符，该字符在当前源字符集中无效(代码页 65001)。
  (编译源文件“x64/Debug/qt/moc/moc_PaintWidget.cpp”)
  
E:\Codes\repos\computer-graphics-master\Graphics\Assistance.h(1,1): warning C4828: 文件包含在偏移 0x152 处开始的字符，该字符在当前源字符集中无效(代码页 65001)。
  (编译源文件“x64/Debug/qt/moc/moc_PaintWidget.cpp”)
  
E:\Codes\repos\computer-graphics-master\Graphics\Assistance.h(1,1): warning C4828: 文件包含在偏移 0x153 处开始的字符，该字符在当前源字符集中无效(代码页 65001)。
  (编译源文件“x64/Debug/qt/moc/moc_PaintWidget.cpp”)
  
E:\Codes\repos\computer-graphics-master\Graphics\Assistance.h(1,1): warning C4828: 文件包含在偏移 0x154 处开始的字符，该字符在当前源字符集中无效(代码页 65001)。
  (编译源文件“x64/Debug/qt/moc/moc_PaintWidget.cpp”)
  
E:\Codes\repos\computer-graphics-master\Graphics\Assistance.h(1,1): warning C4828: 文件包含在偏移 0x158 处开始的字符，该字符在当前源字符集中无效(代码页 65001)。
  (编译源文件“x64/Debug/qt/moc/moc_PaintWidget.cpp”)
  
E:\Codes\repos\computer-graphics-master\Graphics\Assistance.h(1,1): warning C4828: 文件包含在偏移 0x159 处开始的字符，该字符在当前源字符集中无效(代码页 65001)。
  (编译源文件“x64/Debug/qt/moc/moc_PaintWidget.cpp”)
  
E:\Codes\repos\computer-graphics-master\Graphics\Assistance.h(1,1): warning C4828: 文件包含在偏移 0x15d 处开始的字符，该字符在当前源字符集中无效(代码页 65001)。
  (编译源文件“x64/Debug/qt/moc/moc_PaintWidget.cpp”)
  
E:\Codes\repos\computer-graphics-master\Graphics\Assistance.h(1,1): warning C4828: 文件包含在偏移 0x15e 处开始的字符，该字符在当前源字符集中无效(代码页 65001)。
  (编译源文件“x64/Debug/qt/moc/moc_PaintWidget.cpp”)
  
E:\Codes\repos\computer-graphics-master\Graphics\Assistance.h(1,1): warning C4828: 文件包含在偏移 0x160 处开始的字符，该字符在当前源字符集中无效(代码页 65001)。
  (编译源文件“x64/Debug/qt/moc/moc_PaintWidget.cpp”)
  
E:\Codes\repos\computer-graphics-master\Graphics\Assistance.h(1,1): warning C4828: 文件包含在偏移 0x161 处开始的字符，该字符在当前源字符集中无效(代码页 65001)。
  (编译源文件“x64/Debug/qt/moc/moc_PaintWidget.cpp”)
  
E:\Codes\repos\computer-graphics-master\Graphics\Assistance.h(1,1): warning C4828: 文件包含在偏移 0x162 处开始的字符，该字符在当前源字符集中无效(代码页 65001)。
  (编译源文件“x64/Debug/qt/moc/moc_PaintWidget.cpp”)
  
E:\Codes\repos\computer-graphics-master\Graphics\Assistance.h(1,1): warning C4828: 文件包含在偏移 0x163 处开始的字符，该字符在当前源字符集中无效(代码页 65001)。
  (编译源文件“x64/Debug/qt/moc/moc_PaintWidget.cpp”)
  
E:\Codes\repos\computer-graphics-master\Graphics\Assistance.h(1,1): warning C4828: 文件包含在偏移 0x1f9 处开始的字符，该字符在当前源字符集中无效(代码页 65001)。
  (编译源文件“x64/Debug/qt/moc/moc_PaintWidget.cpp”)
  
E:\Codes\repos\computer-graphics-master\Graphics\Assistance.h(1,1): warning C4828: 文件包含在偏移 0x1fa 处开始的字符，该字符在当前源字符集中无效(代码页 65001)。
  (编译源文件“x64/Debug/qt/moc/moc_PaintWidget.cpp”)
  
E:\Codes\repos\computer-graphics-master\Graphics\Assistance.h(1,1): warning C4828: 文件包含在偏移 0x1fe 处开始的字符，该字符在当前源字符集中无效(代码页 65001)。
  (编译源文件“x64/Debug/qt/moc/moc_PaintWidget.cpp”)
  
E:\Codes\repos\computer-graphics-master\Graphics\Assistance.h(1,1): warning C4828: 文件包含在偏移 0x200 处开始的字符，该字符在当前源字符集中无效(代码页 65001)。
  (编译源文件“x64/Debug/qt/moc/moc_PaintWidget.cpp”)
  
E:\Codes\repos\computer-graphics-master\Graphics\Assistance.h(1,1): warning C4828: 文件包含在偏移 0x202 处开始的字符，该字符在当前源字符集中无效(代码页 65001)。
  (编译源文件“x64/Debug/qt/moc/moc_PaintWidget.cpp”)
  
E:\Codes\repos\computer-graphics-master\Graphics\Assistance.h(1,1): warning C4828: 文件包含在偏移 0x259 处开始的字符，该字符在当前源字符集中无效(代码页 65001)。
  (编译源文件“x64/Debug/qt/moc/moc_PaintWidget.cpp”)
  
E:\Codes\repos\computer-graphics-master\Graphics\Assistance.h(1,1): warning C4828: 文件包含在偏移 0x25b 处开始的字符，该字符在当前源字符集中无效(代码页 65001)。
  (编译源文件“x64/Debug/qt/moc/moc_PaintWidget.cpp”)
  
E:\Codes\repos\computer-graphics-master\Graphics\Assistance.h(1,1): warning C4828: 文件包含在偏移 0x261 处开始的字符，该字符在当前源字符集中无效(代码页 65001)。
  (编译源文件“x64/Debug/qt/moc/moc_PaintWidget.cpp”)
  
E:\Codes\repos\computer-graphics-master\Graphics\Assistance.h(1,1): warning C4828: 文件包含在偏移 0x262 处开始的字符，该字符在当前源字符集中无效(代码页 65001)。
  (编译源文件“x64/Debug/qt/moc/moc_PaintWidget.cpp”)
  
E:\Codes\repos\computer-graphics-master\Graphics\Assistance.h(1,1): warning C4828: 文件包含在偏移 0x265 处开始的字符，该字符在当前源字符集中无效(代码页 65001)。
  (编译源文件“x64/Debug/qt/moc/moc_PaintWidget.cpp”)
  
E:\Codes\repos\computer-graphics-master\Graphics\Assistance.h(1,1): warning C4828: 文件包含在偏移 0x267 处开始的字符，该字符在当前源字符集中无效(代码页 65001)。
  (编译源文件“x64/Debug/qt/moc/moc_PaintWidget.cpp”)
  
E:\Codes\repos\computer-graphics-master\Graphics\Assistance.h(1,1): warning C4828: 文件包含在偏移 0x269 处开始的字符，该字符在当前源字符集中无效(代码页 65001)。
  (编译源文件“x64/Debug/qt/moc/moc_PaintWidget.cpp”)
  
E:\Codes\repos\computer-graphics-master\Graphics\Assistance.h(1,1): warning C4828: 文件包含在偏移 0x26a 处开始的字符，该字符在当前源字符集中无效(代码页 65001)。
  (编译源文件“x64/Debug/qt/moc/moc_PaintWidget.cpp”)
  
E:\Codes\repos\computer-graphics-master\Graphics\Assistance.h(1,1): warning C4828: 文件包含在偏移 0x26b 处开始的字符，该字符在当前源字符集中无效(代码页 65001)。
  (编译源文件“x64/Debug/qt/moc/moc_PaintWidget.cpp”)
  
E:\Codes\repos\computer-graphics-master\Graphics\Assistance.h(1,1): warning C4828: 文件包含在偏移 0x26c 处开始的字符，该字符在当前源字符集中无效(代码页 65001)。
  (编译源文件“x64/Debug/qt/moc/moc_PaintWidget.cpp”)
  
E:\Codes\repos\computer-graphics-master\Graphics\Assistance.h(1,1): warning C4828: 文件包含在偏移 0x26d 处开始的字符，该字符在当前源字符集中无效(代码页 65001)。
  (编译源文件“x64/Debug/qt/moc/moc_PaintWidget.cpp”)
  
E:\Codes\repos\computer-graphics-master\Graphics\Assistance.h(1,1): warning C4828: 文件包含在偏移 0x26e 处开始的字符，该字符在当前源字符集中无效(代码页 65001)。
  (编译源文件“x64/Debug/qt/moc/moc_PaintWidget.cpp”)
  
E:\Codes\repos\computer-graphics-master\Graphics\Assistance.h(1,1): warning C4828: 文件包含在偏移 0x32f 处开始的字符，该字符在当前源字符集中无效(代码页 65001)。
  (编译源文件“x64/Debug/qt/moc/moc_PaintWidget.cpp”)
  
E:\Codes\repos\computer-graphics-master\Graphics\Assistance.h(1,1): warning C4828: 文件包含在偏移 0x330 处开始的字符，该字符在当前源字符集中无效(代码页 65001)。
  (编译源文件“x64/Debug/qt/moc/moc_PaintWidget.cpp”)
  
E:\Codes\repos\computer-graphics-master\Graphics\Assistance.h(1,1): warning C4828: 文件包含在偏移 0x332 处开始的字符，该字符在当前源字符集中无效(代码页 65001)。
  (编译源文件“x64/Debug/qt/moc/moc_PaintWidget.cpp”)
  
E:\Codes\repos\computer-graphics-master\Graphics\Assistance.h(1,1): warning C4828: 文件包含在偏移 0x335 处开始的字符，该字符在当前源字符集中无效(代码页 65001)。
  (编译源文件“x64/Debug/qt/moc/moc_PaintWidget.cpp”)
  
E:\Codes\repos\computer-graphics-master\Graphics\Assistance.h(1,1): warning C4828: 文件包含在偏移 0x336 处开始的字符，该字符在当前源字符集中无效(代码页 65001)。
  (编译源文件“x64/Debug/qt/moc/moc_PaintWidget.cpp”)
  
E:\Codes\repos\computer-graphics-master\Graphics\Assistance.h(1,1): warning C4828: 文件包含在偏移 0x337 处开始的字符，该字符在当前源字符集中无效(代码页 65001)。
  (编译源文件“x64/Debug/qt/moc/moc_PaintWidget.cpp”)
  
E:\Codes\repos\computer-graphics-master\Graphics\Assistance.h(1,1): warning C4828: 文件包含在偏移 0x339 处开始的字符，该字符在当前源字符集中无效(代码页 65001)。
  (编译源文件“x64/Debug/qt/moc/moc_PaintWidget.cpp”)
  
E:\Codes\repos\computer-graphics-master\Graphics\Assistance.h(1,1): warning C4828: 文件包含在偏移 0x33e 处开始的字符，该字符在当前源字符集中无效(代码页 65001)。
  (编译源文件“x64/Debug/qt/moc/moc_PaintWidget.cpp”)
  
E:\Codes\repos\computer-graphics-master\Graphics\Assistance.h(1,1): warning C4828: 文件包含在偏移 0x397 处开始的字符，该字符在当前源字符集中无效(代码页 65001)。
  (编译源文件“x64/Debug/qt/moc/moc_PaintWidget.cpp”)
  
E:\Codes\repos\computer-graphics-master\Graphics\Assistance.h(1,1): warning C4828: 文件包含在偏移 0x398 处开始的字符，该字符在当前源字符集中无效(代码页 65001)。
  (编译源文件“x64/Debug/qt/moc/moc_PaintWidget.cpp”)
  
E:\Codes\repos\computer-graphics-master\Graphics\Assistance.h(1,1): warning C4828: 文件包含在偏移 0x399 处开始的字符，该字符在当前源字符集中无效(代码页 65001)。
  (编译源文件“x64/Debug/qt/moc/moc_PaintWidget.cpp”)
  
E:\Codes\repos\computer-graphics-master\Graphics\Assistance.h(1,1): warning C4828: 文件包含在偏移 0x39b 处开始的字符，该字符在当前源字符集中无效(代码页 65001)。
  (编译源文件“x64/Debug/qt/moc/moc_PaintWidget.cpp”)
  
E:\Codes\repos\computer-graphics-master\Graphics\Assistance.h(1,1): warning C4828: 文件包含在偏移 0x39f 处开始的字符，该字符在当前源字符集中无效(代码页 65001)。
  (编译源文件“x64/Debug/qt/moc/moc_PaintWidget.cpp”)
  
E:\Codes\repos\computer-graphics-master\Graphics\Assistance.h(1,1): warning C4828: 文件包含在偏移 0x3a1 处开始的字符，该字符在当前源字符集中无效(代码页 65001)。
  (编译源文件“x64/Debug/qt/moc/moc_PaintWidget.cpp”)
  
E:\Codes\repos\computer-graphics-master\Graphics\Assistance.h(1,1): warning C4828: 文件包含在偏移 0x3a3 处开始的字符，该字符在当前源字符集中无效(代码页 65001)。
  (编译源文件“x64/Debug/qt/moc/moc_PaintWidget.cpp”)
  
E:\Codes\repos\computer-graphics-master\Graphics\Assistance.h(1,1): warning C4828: 文件包含在偏移 0x3a6 处开始的字符，该字符在当前源字符集中无效(代码页 65001)。
  (编译源文件“x64/Debug/qt/moc/moc_PaintWidget.cpp”)
  
E:\Codes\repos\computer-graphics-master\Graphics\Assistance.h(1,1): warning C4828: 文件包含在偏移 0x3a8 处开始的字符，该字符在当前源字符集中无效(代码页 65001)。
  (编译源文件“x64/Debug/qt/moc/moc_PaintWidget.cpp”)
  
E:\Codes\repos\computer-graphics-master\Graphics\Assistance.h(1,1): warning C4828: 文件包含在偏移 0x3a9 处开始的字符，该字符在当前源字符集中无效(代码页 65001)。
  (编译源文件“x64/Debug/qt/moc/moc_PaintWidget.cpp”)
  
E:\Codes\repos\computer-graphics-master\Graphics\Assistance.h(1,1): warning C4828: 文件包含在偏移 0x3aa 处开始的字符，该字符在当前源字符集中无效(代码页 65001)。
  (编译源文件“x64/Debug/qt/moc/moc_PaintWidget.cpp”)
  
E:\Codes\repos\computer-graphics-master\Graphics\Assistance.h(1,1): warning C4828: 文件包含在偏移 0x3ab 处开始的字符，该字符在当前源字符集中无效(代码页 65001)。
  (编译源文件“x64/Debug/qt/moc/moc_PaintWidget.cpp”)
  
E:\Codes\repos\computer-graphics-master\Graphics\Assistance.h(1,1): warning C4828: 文件包含在偏移 0x3ac 处开始的字符，该字符在当前源字符集中无效(代码页 65001)。
  (编译源文件“x64/Debug/qt/moc/moc_PaintWidget.cpp”)
  
E:\Codes\repos\computer-graphics-master\Graphics\Assistance.h(1,1): warning C4828: 文件包含在偏移 0x3ad 处开始的字符，该字符在当前源字符集中无效(代码页 65001)。
  (编译源文件“x64/Debug/qt/moc/moc_PaintWidget.cpp”)
  
E:\Codes\repos\computer-graphics-master\Graphics\Assistance.h(1,1): warning C4828: 文件包含在偏移 0x3af 处开始的字符，该字符在当前源字符集中无效(代码页 65001)。
  (编译源文件“x64/Debug/qt/moc/moc_PaintWidget.cpp”)
  
E:\Codes\repos\computer-graphics-master\Graphics\Assistance.h(1,1): warning C4828: 文件包含在偏移 0x3b0 处开始的字符，该字符在当前源字符集中无效(代码页 65001)。
  (编译源文件“x64/Debug/qt/moc/moc_PaintWidget.cpp”)
  
E:\Codes\repos\computer-graphics-master\Graphics\Assistance.h(1,1): warning C4828: 文件包含在偏移 0x54e 处开始的字符，该字符在当前源字符集中无效(代码页 65001)。
  (编译源文件“x64/Debug/qt/moc/moc_PaintWidget.cpp”)
  
E:\Codes\repos\computer-graphics-master\Graphics\Assistance.h(1,1): warning C4828: 文件包含在偏移 0x550 处开始的字符，该字符在当前源字符集中无效(代码页 65001)。
  (编译源文件“x64/Debug/qt/moc/moc_PaintWidget.cpp”)
  
E:\Codes\repos\computer-graphics-master\Graphics\Assistance.h(1,1): warning C4828: 文件包含在偏移 0x551 处开始的字符，该字符在当前源字符集中无效(代码页 65001)。
  (编译源文件“x64/Debug/qt/moc/moc_PaintWidget.cpp”)
  
E:\Codes\repos\computer-graphics-master\Graphics\Assistance.h(1,1): warning C4828: 文件包含在偏移 0x555 处开始的字符，该字符在当前源字符集中无效(代码页 65001)。
  (编译源文件“x64/Debug/qt/moc/moc_PaintWidget.cpp”)
  
E:\Codes\repos\computer-graphics-master\Graphics\Assistance.h(1,1): warning C4828: 文件包含在偏移 0x559 处开始的字符，该字符在当前源字符集中无效(代码页 65001)。
  (编译源文件“x64/Debug/qt/moc/moc_PaintWidget.cpp”)
  
E:\Codes\repos\computer-graphics-master\Graphics\Assistance.h(1,1): warning C4828: 文件包含在偏移 0x55c 处开始的字符，该字符在当前源字符集中无效(代码页 65001)。
  (编译源文件“x64/Debug/qt/moc/moc_PaintWidget.cpp”)
  
E:\Codes\repos\computer-graphics-master\Graphics\Assistance.h(1,1): warning C4828: 文件包含在偏移 0x5dd 处开始的字符，该字符在当前源字符集中无效(代码页 65001)。
  (编译源文件“x64/Debug/qt/moc/moc_PaintWidget.cpp”)
  
E:\Codes\repos\computer-graphics-master\Graphics\Assistance.h(1,1): warning C4828: 文件包含在偏移 0x5df 处开始的字符，该字符在当前源字符集中无效(代码页 65001)。
  (编译源文件“x64/Debug/qt/moc/moc_PaintWidget.cpp”)
  
E:\Codes\repos\computer-graphics-master\Graphics\Assistance.h(1,1): warning C4828: 文件包含在偏移 0x5e0 处开始的字符，该字符在当前源字符集中无效(代码页 65001)。
  (编译源文件“x64/Debug/qt/moc/moc_PaintWidget.cpp”)
  
E:\Codes\repos\computer-graphics-master\Graphics\Assistance.h(1,1): warning C4828: 文件包含在偏移 0x5e4 处开始的字符，该字符在当前源字符集中无效(代码页 65001)。
  (编译源文件“x64/Debug/qt/moc/moc_PaintWidget.cpp”)
  
E:\Codes\repos\computer-graphics-master\Graphics\Assistance.h(1,1): warning C4828: 文件包含在偏移 0x5e8 处开始的字符，该字符在当前源字符集中无效(代码页 65001)。
  (编译源文件“x64/Debug/qt/moc/moc_PaintWidget.cpp”)
  
E:\Codes\repos\computer-graphics-master\Graphics\Assistance.h(1,1): warning C4828: 文件包含在偏移 0x5eb 处开始的字符，该字符在当前源字符集中无效(代码页 65001)。
  (编译源文件“x64/Debug/qt/moc/moc_PaintWidget.cpp”)
  
E:\Codes\repos\computer-graphics-master\Graphics\Assistance.h(1,1): warning C4828: 文件包含在偏移 0x5ec 处开始的字符，该字符在当前源字符集中无效(代码页 65001)。
  (编译源文件“x64/Debug/qt/moc/moc_PaintWidget.cpp”)
  
E:\Codes\repos\computer-graphics-master\Graphics\Assistance.h(1,1): warning C4828: 文件包含在偏移 0x5ee 处开始的字符，该字符在当前源字符集中无效(代码页 65001)。
  (编译源文件“x64/Debug/qt/moc/moc_PaintWidget.cpp”)
  
E:\Codes\repos\computer-graphics-master\Graphics\Assistance.h(1,1): warning C4828: 文件包含在偏移 0x32 处开始的字符，该字符在当前源字符集中无效(代码页 65001)。
  (编译源文件“x64/Debug/qt/moc/moc_LayoutWidget.cpp”)
  
E:\Codes\repos\computer-graphics-master\Graphics\Assistance.h(1,1): warning C4828: 文件包含在偏移 0x36 处开始的字符，该字符在当前源字符集中无效(代码页 65001)。
  (编译源文件“x64/Debug/qt/moc/moc_LayoutWidget.cpp”)
  
E:\Codes\repos\computer-graphics-master\Graphics\Assistance.h(1,1): warning C4828: 文件包含在偏移 0x38 处开始的字符，该字符在当前源字符集中无效(代码页 65001)。
  (编译源文件“x64/Debug/qt/moc/moc_LayoutWidget.cpp”)
  
E:\Codes\repos\computer-graphics-master\Graphics\Assistance.h(1,1): warning C4828: 文件包含在偏移 0x39 处开始的字符，该字符在当前源字符集中无效(代码页 65001)。
  (编译源文件“x64/Debug/qt/moc/moc_LayoutWidget.cpp”)
  
E:\Codes\repos\computer-graphics-master\Graphics\Assistance.h(1,1): warning C4828: 文件包含在偏移 0x3a 处开始的字符，该字符在当前源字符集中无效(代码页 65001)。
  (编译源文件“x64/Debug/qt/moc/moc_LayoutWidget.cpp”)
  
E:\Codes\repos\computer-graphics-master\Graphics\Assistance.h(1,1): warning C4828: 文件包含在偏移 0x3c 处开始的字符，该字符在当前源字符集中无效(代码页 65001)。
  (编译源文件“x64/Debug/qt/moc/moc_LayoutWidget.cpp”)
  
E:\Codes\repos\computer-graphics-master\Graphics\Assistance.h(1,1): warning C4828: 文件包含在偏移 0x40 处开始的字符，该字符在当前源字符集中无效(代码页 65001)。
  (编译源文件“x64/Debug/qt/moc/moc_LayoutWidget.cpp”)
  
E:\Codes\repos\computer-graphics-master\Graphics\Assistance.h(1,1): warning C4828: 文件包含在偏移 0x148 处开始的字符，该字符在当前源字符集中无效(代码页 65001)。
  (编译源文件“x64/Debug/qt/moc/moc_LayoutWidget.cpp”)
  
E:\Codes\repos\computer-graphics-master\Graphics\Assistance.h(1,1): warning C4828: 文件包含在偏移 0x149 处开始的字符，该字符在当前源字符集中无效(代码页 65001)。
  (编译源文件“x64/Debug/qt/moc/moc_LayoutWidget.cpp”)
  
E:\Codes\repos\computer-graphics-master\Graphics\Assistance.h(1,1): warning C4828: 文件包含在偏移 0x14a 处开始的字符，该字符在当前源字符集中无效(代码页 65001)。
  (编译源文件“x64/Debug/qt/moc/moc_LayoutWidget.cpp”)
  
E:\Codes\repos\computer-graphics-master\Graphics\Assistance.h(1,1): warning C4828: 文件包含在偏移 0x14c 处开始的字符，该字符在当前源字符集中无效(代码页 65001)。
  (编译源文件“x64/Debug/qt/moc/moc_LayoutWidget.cpp”)
  
E:\Codes\repos\computer-graphics-master\Graphics\Assistance.h(1,1): warning C4828: 文件包含在偏移 0x14d 处开始的字符，该字符在当前源字符集中无效(代码页 65001)。
  (编译源文件“x64/Debug/qt/moc/moc_LayoutWidget.cpp”)
  
E:\Codes\repos\computer-graphics-master\Graphics\Assistance.h(1,1): warning C4828: 文件包含在偏移 0x14e 处开始的字符，该字符在当前源字符集中无效(代码页 65001)。
  (编译源文件“x64/Debug/qt/moc/moc_LayoutWidget.cpp”)
  
E:\Codes\repos\computer-graphics-master\Graphics\Assistance.h(1,1): warning C4828: 文件包含在偏移 0x150 处开始的字符，该字符在当前源字符集中无效(代码页 65001)。
  (编译源文件“x64/Debug/qt/moc/moc_LayoutWidget.cpp”)
  
E:\Codes\repos\computer-graphics-master\Graphics\Assistance.h(1,1): warning C4828: 文件包含在偏移 0x151 处开始的字符，该字符在当前源字符集中无效(代码页 65001)。
  (编译源文件“x64/Debug/qt/moc/moc_LayoutWidget.cpp”)
  
E:\Codes\repos\computer-graphics-master\Graphics\Assistance.h(1,1): warning C4828: 文件包含在偏移 0x152 处开始的字符，该字符在当前源字符集中无效(代码页 65001)。
  (编译源文件“x64/Debug/qt/moc/moc_LayoutWidget.cpp”)
  
E:\Codes\repos\computer-graphics-master\Graphics\Assistance.h(1,1): warning C4828: 文件包含在偏移 0x153 处开始的字符，该字符在当前源字符集中无效(代码页 65001)。
  (编译源文件“x64/Debug/qt/moc/moc_LayoutWidget.cpp”)
  
E:\Codes\repos\computer-graphics-master\Graphics\Assistance.h(1,1): warning C4828: 文件包含在偏移 0x154 处开始的字符，该字符在当前源字符集中无效(代码页 65001)。
  (编译源文件“x64/Debug/qt/moc/moc_LayoutWidget.cpp”)
  
E:\Codes\repos\computer-graphics-master\Graphics\Assistance.h(1,1): warning C4828: 文件包含在偏移 0x158 处开始的字符，该字符在当前源字符集中无效(代码页 65001)。
  (编译源文件“x64/Debug/qt/moc/moc_LayoutWidget.cpp”)
  
E:\Codes\repos\computer-graphics-master\Graphics\Assistance.h(1,1): warning C4828: 文件包含在偏移 0x159 处开始的字符，该字符在当前源字符集中无效(代码页 65001)。
  (编译源文件“x64/Debug/qt/moc/moc_LayoutWidget.cpp”)
  
E:\Codes\repos\computer-graphics-master\Graphics\Assistance.h(1,1): warning C4828: 文件包含在偏移 0x15d 处开始的字符，该字符在当前源字符集中无效(代码页 65001)。
  (编译源文件“x64/Debug/qt/moc/moc_LayoutWidget.cpp”)
  
E:\Codes\repos\computer-graphics-master\Graphics\Assistance.h(1,1): warning C4828: 文件包含在偏移 0x15e 处开始的字符，该字符在当前源字符集中无效(代码页 65001)。
  (编译源文件“x64/Debug/qt/moc/moc_LayoutWidget.cpp”)
  
E:\Codes\repos\computer-graphics-master\Graphics\Assistance.h(1,1): warning C4828: 文件包含在偏移 0x160 处开始的字符，该字符在当前源字符集中无效(代码页 65001)。
  (编译源文件“x64/Debug/qt/moc/moc_LayoutWidget.cpp”)
  
E:\Codes\repos\computer-graphics-master\Graphics\Assistance.h(1,1): warning C4828: 文件包含在偏移 0x161 处开始的字符，该字符在当前源字符集中无效(代码页 65001)。
  (编译源文件“x64/Debug/qt/moc/moc_LayoutWidget.cpp”)
  
E:\Codes\repos\computer-graphics-master\Graphics\Assistance.h(1,1): warning C4828: 文件包含在偏移 0x162 处开始的字符，该字符在当前源字符集中无效(代码页 65001)。
  (编译源文件“x64/Debug/qt/moc/moc_LayoutWidget.cpp”)
  
E:\Codes\repos\computer-graphics-master\Graphics\Assistance.h(1,1): warning C4828: 文件包含在偏移 0x163 处开始的字符，该字符在当前源字符集中无效(代码页 65001)。
  (编译源文件“x64/Debug/qt/moc/moc_LayoutWidget.cpp”)
  
E:\Codes\repos\computer-graphics-master\Graphics\Assistance.h(1,1): warning C4828: 文件包含在偏移 0x1f9 处开始的字符，该字符在当前源字符集中无效(代码页 65001)。
  (编译源文件“x64/Debug/qt/moc/moc_LayoutWidget.cpp”)
  
E:\Codes\repos\computer-graphics-master\Graphics\Assistance.h(1,1): warning C4828: 文件包含在偏移 0x1fa 处开始的字符，该字符在当前源字符集中无效(代码页 65001)。
  (编译源文件“x64/Debug/qt/moc/moc_LayoutWidget.cpp”)
  
E:\Codes\repos\computer-graphics-master\Graphics\Assistance.h(1,1): warning C4828: 文件包含在偏移 0x1fe 处开始的字符，该字符在当前源字符集中无效(代码页 65001)。
  (编译源文件“x64/Debug/qt/moc/moc_LayoutWidget.cpp”)
  
E:\Codes\repos\computer-graphics-master\Graphics\Assistance.h(1,1): warning C4828: 文件包含在偏移 0x200 处开始的字符，该字符在当前源字符集中无效(代码页 65001)。
  (编译源文件“x64/Debug/qt/moc/moc_LayoutWidget.cpp”)
  
E:\Codes\repos\computer-graphics-master\Graphics\Assistance.h(1,1): warning C4828: 文件包含在偏移 0x202 处开始的字符，该字符在当前源字符集中无效(代码页 65001)。
  (编译源文件“x64/Debug/qt/moc/moc_LayoutWidget.cpp”)
  
E:\Codes\repos\computer-graphics-master\Graphics\Assistance.h(1,1): warning C4828: 文件包含在偏移 0x259 处开始的字符，该字符在当前源字符集中无效(代码页 65001)。
  (编译源文件“x64/Debug/qt/moc/moc_LayoutWidget.cpp”)
  
E:\Codes\repos\computer-graphics-master\Graphics\Assistance.h(1,1): warning C4828: 文件包含在偏移 0x25b 处开始的字符，该字符在当前源字符集中无效(代码页 65001)。
  (编译源文件“x64/Debug/qt/moc/moc_LayoutWidget.cpp”)
  
E:\Codes\repos\computer-graphics-master\Graphics\Assistance.h(1,1): warning C4828: 文件包含在偏移 0x261 处开始的字符，该字符在当前源字符集中无效(代码页 65001)。
  (编译源文件“x64/Debug/qt/moc/moc_LayoutWidget.cpp”)
  
E:\Codes\repos\computer-graphics-master\Graphics\Assistance.h(1,1): warning C4828: 文件包含在偏移 0x262 处开始的字符，该字符在当前源字符集中无效(代码页 65001)。
  (编译源文件“x64/Debug/qt/moc/moc_LayoutWidget.cpp”)
  
E:\Codes\repos\computer-graphics-master\Graphics\Assistance.h(1,1): warning C4828: 文件包含在偏移 0x265 处开始的字符，该字符在当前源字符集中无效(代码页 65001)。
  (编译源文件“x64/Debug/qt/moc/moc_LayoutWidget.cpp”)
  
E:\Codes\repos\computer-graphics-master\Graphics\Assistance.h(1,1): warning C4828: 文件包含在偏移 0x267 处开始的字符，该字符在当前源字符集中无效(代码页 65001)。
  (编译源文件“x64/Debug/qt/moc/moc_LayoutWidget.cpp”)
  
E:\Codes\repos\computer-graphics-master\Graphics\Assistance.h(1,1): warning C4828: 文件包含在偏移 0x269 处开始的字符，该字符在当前源字符集中无效(代码页 65001)。
  (编译源文件“x64/Debug/qt/moc/moc_LayoutWidget.cpp”)
  
E:\Codes\repos\computer-graphics-master\Graphics\Assistance.h(1,1): warning C4828: 文件包含在偏移 0x26a 处开始的字符，该字符在当前源字符集中无效(代码页 65001)。
  (编译源文件“x64/Debug/qt/moc/moc_LayoutWidget.cpp”)
  
E:\Codes\repos\computer-graphics-master\Graphics\Assistance.h(1,1): warning C4828: 文件包含在偏移 0x26b 处开始的字符，该字符在当前源字符集中无效(代码页 65001)。
  (编译源文件“x64/Debug/qt/moc/moc_LayoutWidget.cpp”)
  
E:\Codes\repos\computer-graphics-master\Graphics\Assistance.h(1,1): warning C4828: 文件包含在偏移 0x26c 处开始的字符，该字符在当前源字符集中无效(代码页 65001)。
  (编译源文件“x64/Debug/qt/moc/moc_LayoutWidget.cpp”)
  
E:\Codes\repos\computer-graphics-master\Graphics\Assistance.h(1,1): warning C4828: 文件包含在偏移 0x26d 处开始的字符，该字符在当前源字符集中无效(代码页 65001)。
  (编译源文件“x64/Debug/qt/moc/moc_LayoutWidget.cpp”)
  
E:\Codes\repos\computer-graphics-master\Graphics\Assistance.h(1,1): warning C4828: 文件包含在偏移 0x26e 处开始的字符，该字符在当前源字符集中无效(代码页 65001)。
  (编译源文件“x64/Debug/qt/moc/moc_LayoutWidget.cpp”)
  
E:\Codes\repos\computer-graphics-master\Graphics\Assistance.h(1,1): warning C4828: 文件包含在偏移 0x32f 处开始的字符，该字符在当前源字符集中无效(代码页 65001)。
  (编译源文件“x64/Debug/qt/moc/moc_LayoutWidget.cpp”)
  
E:\Codes\repos\computer-graphics-master\Graphics\Assistance.h(1,1): warning C4828: 文件包含在偏移 0x330 处开始的字符，该字符在当前源字符集中无效(代码页 65001)。
  (编译源文件“x64/Debug/qt/moc/moc_LayoutWidget.cpp”)
  
E:\Codes\repos\computer-graphics-master\Graphics\Assistance.h(1,1): warning C4828: 文件包含在偏移 0x332 处开始的字符，该字符在当前源字符集中无效(代码页 65001)。
  (编译源文件“x64/Debug/qt/moc/moc_LayoutWidget.cpp”)
  
E:\Codes\repos\computer-graphics-master\Graphics\Assistance.h(1,1): warning C4828: 文件包含在偏移 0x335 处开始的字符，该字符在当前源字符集中无效(代码页 65001)。
  (编译源文件“x64/Debug/qt/moc/moc_LayoutWidget.cpp”)
  
E:\Codes\repos\computer-graphics-master\Graphics\Assistance.h(1,1): warning C4828: 文件包含在偏移 0x336 处开始的字符，该字符在当前源字符集中无效(代码页 65001)。
  (编译源文件“x64/Debug/qt/moc/moc_LayoutWidget.cpp”)
  
E:\Codes\repos\computer-graphics-master\Graphics\Assistance.h(1,1): warning C4828: 文件包含在偏移 0x337 处开始的字符，该字符在当前源字符集中无效(代码页 65001)。
  (编译源文件“x64/Debug/qt/moc/moc_LayoutWidget.cpp”)
  
E:\Codes\repos\computer-graphics-master\Graphics\Assistance.h(1,1): warning C4828: 文件包含在偏移 0x339 处开始的字符，该字符在当前源字符集中无效(代码页 65001)。
  (编译源文件“x64/Debug/qt/moc/moc_LayoutWidget.cpp”)
  
E:\Codes\repos\computer-graphics-master\Graphics\Assistance.h(1,1): warning C4828: 文件包含在偏移 0x33e 处开始的字符，该字符在当前源字符集中无效(代码页 65001)。
  (编译源文件“x64/Debug/qt/moc/moc_LayoutWidget.cpp”)
  
E:\Codes\repos\computer-graphics-master\Graphics\Assistance.h(1,1): warning C4828: 文件包含在偏移 0x397 处开始的字符，该字符在当前源字符集中无效(代码页 65001)。
  (编译源文件“x64/Debug/qt/moc/moc_LayoutWidget.cpp”)
  
E:\Codes\repos\computer-graphics-master\Graphics\Assistance.h(1,1): warning C4828: 文件包含在偏移 0x398 处开始的字符，该字符在当前源字符集中无效(代码页 65001)。
  (编译源文件“x64/Debug/qt/moc/moc_LayoutWidget.cpp”)
  
E:\Codes\repos\computer-graphics-master\Graphics\Assistance.h(1,1): warning C4828: 文件包含在偏移 0x399 处开始的字符，该字符在当前源字符集中无效(代码页 65001)。
  (编译源文件“x64/Debug/qt/moc/moc_LayoutWidget.cpp”)
  
E:\Codes\repos\computer-graphics-master\Graphics\Assistance.h(1,1): warning C4828: 文件包含在偏移 0x39b 处开始的字符，该字符在当前源字符集中无效(代码页 65001)。
  (编译源文件“x64/Debug/qt/moc/moc_LayoutWidget.cpp”)
  
E:\Codes\repos\computer-graphics-master\Graphics\Assistance.h(1,1): warning C4828: 文件包含在偏移 0x39f 处开始的字符，该字符在当前源字符集中无效(代码页 65001)。
  (编译源文件“x64/Debug/qt/moc/moc_LayoutWidget.cpp”)
  
E:\Codes\repos\computer-graphics-master\Graphics\Assistance.h(1,1): warning C4828: 文件包含在偏移 0x3a1 处开始的字符，该字符在当前源字符集中无效(代码页 65001)。
  (编译源文件“x64/Debug/qt/moc/moc_LayoutWidget.cpp”)
  
E:\Codes\repos\computer-graphics-master\Graphics\Assistance.h(1,1): warning C4828: 文件包含在偏移 0x3a3 处开始的字符，该字符在当前源字符集中无效(代码页 65001)。
  (编译源文件“x64/Debug/qt/moc/moc_LayoutWidget.cpp”)
  
E:\Codes\repos\computer-graphics-master\Graphics\Assistance.h(1,1): warning C4828: 文件包含在偏移 0x3a6 处开始的字符，该字符在当前源字符集中无效(代码页 65001)。
  (编译源文件“x64/Debug/qt/moc/moc_LayoutWidget.cpp”)
  
E:\Codes\repos\computer-graphics-master\Graphics\Assistance.h(1,1): warning C4828: 文件包含在偏移 0x3a8 处开始的字符，该字符在当前源字符集中无效(代码页 65001)。
  (编译源文件“x64/Debug/qt/moc/moc_LayoutWidget.cpp”)
  
E:\Codes\repos\computer-graphics-master\Graphics\Assistance.h(1,1): warning C4828: 文件包含在偏移 0x3a9 处开始的字符，该字符在当前源字符集中无效(代码页 65001)。
  (编译源文件“x64/Debug/qt/moc/moc_LayoutWidget.cpp”)
  
E:\Codes\repos\computer-graphics-master\Graphics\Assistance.h(1,1): warning C4828: 文件包含在偏移 0x3aa 处开始的字符，该字符在当前源字符集中无效(代码页 65001)。
  (编译源文件“x64/Debug/qt/moc/moc_LayoutWidget.cpp”)
  
E:\Codes\repos\computer-graphics-master\Graphics\Assistance.h(1,1): warning C4828: 文件包含在偏移 0x3ab 处开始的字符，该字符在当前源字符集中无效(代码页 65001)。
  (编译源文件“x64/Debug/qt/moc/moc_LayoutWidget.cpp”)
  
E:\Codes\repos\computer-graphics-master\Graphics\Assistance.h(1,1): warning C4828: 文件包含在偏移 0x3ac 处开始的字符，该字符在当前源字符集中无效(代码页 65001)。
  (编译源文件“x64/Debug/qt/moc/moc_LayoutWidget.cpp”)
  
E:\Codes\repos\computer-graphics-master\Graphics\Assistance.h(1,1): warning C4828: 文件包含在偏移 0x3ad 处开始的字符，该字符在当前源字符集中无效(代码页 65001)。
  (编译源文件“x64/Debug/qt/moc/moc_LayoutWidget.cpp”)
  
E:\Codes\repos\computer-graphics-master\Graphics\Assistance.h(1,1): warning C4828: 文件包含在偏移 0x3af 处开始的字符，该字符在当前源字符集中无效(代码页 65001)。
  (编译源文件“x64/Debug/qt/moc/moc_LayoutWidget.cpp”)
  
E:\Codes\repos\computer-graphics-master\Graphics\Assistance.h(1,1): warning C4828: 文件包含在偏移 0x3b0 处开始的字符，该字符在当前源字符集中无效(代码页 65001)。
  (编译源文件“x64/Debug/qt/moc/moc_LayoutWidget.cpp”)
  
E:\Codes\repos\computer-graphics-master\Graphics\Assistance.h(1,1): warning C4828: 文件包含在偏移 0x54e 处开始的字符，该字符在当前源字符集中无效(代码页 65001)。
  (编译源文件“x64/Debug/qt/moc/moc_LayoutWidget.cpp”)
  
E:\Codes\repos\computer-graphics-master\Graphics\Assistance.h(1,1): warning C4828: 文件包含在偏移 0x550 处开始的字符，该字符在当前源字符集中无效(代码页 65001)。
  (编译源文件“x64/Debug/qt/moc/moc_LayoutWidget.cpp”)
  
E:\Codes\repos\computer-graphics-master\Graphics\Assistance.h(1,1): warning C4828: 文件包含在偏移 0x551 处开始的字符，该字符在当前源字符集中无效(代码页 65001)。
  (编译源文件“x64/Debug/qt/moc/moc_LayoutWidget.cpp”)
  
E:\Codes\repos\computer-graphics-master\Graphics\Assistance.h(1,1): warning C4828: 文件包含在偏移 0x555 处开始的字符，该字符在当前源字符集中无效(代码页 65001)。
  (编译源文件“x64/Debug/qt/moc/moc_LayoutWidget.cpp”)
  
E:\Codes\repos\computer-graphics-master\Graphics\Assistance.h(1,1): warning C4828: 文件包含在偏移 0x559 处开始的字符，该字符在当前源字符集中无效(代码页 65001)。
  (编译源文件“x64/Debug/qt/moc/moc_LayoutWidget.cpp”)
  
E:\Codes\repos\computer-graphics-master\Graphics\Assistance.h(1,1): warning C4828: 文件包含在偏移 0x55c 处开始的字符，该字符在当前源字符集中无效(代码页 65001)。
  (编译源文件“x64/Debug/qt/moc/moc_LayoutWidget.cpp”)
  
E:\Codes\repos\computer-graphics-master\Graphics\Assistance.h(1,1): warning C4828: 文件包含在偏移 0x5dd 处开始的字符，该字符在当前源字符集中无效(代码页 65001)。
  (编译源文件“x64/Debug/qt/moc/moc_LayoutWidget.cpp”)
  
E:\Codes\repos\computer-graphics-master\Graphics\Assistance.h(1,1): warning C4828: 文件包含在偏移 0x5df 处开始的字符，该字符在当前源字符集中无效(代码页 65001)。
  (编译源文件“x64/Debug/qt/moc/moc_LayoutWidget.cpp”)
  
E:\Codes\repos\computer-graphics-master\Graphics\Assistance.h(1,1): warning C4828: 文件包含在偏移 0x5e0 处开始的字符，该字符在当前源字符集中无效(代码页 65001)。
  (编译源文件“x64/Debug/qt/moc/moc_LayoutWidget.cpp”)
  
E:\Codes\repos\computer-graphics-master\Graphics\Assistance.h(1,1): warning C4828: 文件包含在偏移 0x5e4 处开始的字符，该字符在当前源字符集中无效(代码页 65001)。
  (编译源文件“x64/Debug/qt/moc/moc_LayoutWidget.cpp”)
  
E:\Codes\repos\computer-graphics-master\Graphics\Assistance.h(1,1): warning C4828: 文件包含在偏移 0x5e8 处开始的字符，该字符在当前源字符集中无效(代码页 65001)。
  (编译源文件“x64/Debug/qt/moc/moc_LayoutWidget.cpp”)
  
E:\Codes\repos\computer-graphics-master\Graphics\Assistance.h(1,1): warning C4828: 文件包含在偏移 0x5eb 处开始的字符，该字符在当前源字符集中无效(代码页 65001)。
  (编译源文件“x64/Debug/qt/moc/moc_LayoutWidget.cpp”)
  
E:\Codes\repos\computer-graphics-master\Graphics\Assistance.h(1,1): warning C4828: 文件包含在偏移 0x5ec 处开始的字符，该字符在当前源字符集中无效(代码页 65001)。
  (编译源文件“x64/Debug/qt/moc/moc_LayoutWidget.cpp”)
  
E:\Codes\repos\computer-graphics-master\Graphics\Assistance.h(1,1): warning C4828: 文件包含在偏移 0x5ee 处开始的字符，该字符在当前源字符集中无效(代码页 65001)。
  (编译源文件“x64/Debug/qt/moc/moc_LayoutWidget.cpp”)
  
  Graphics.vcxproj -> E:\Codes\repos\computer-graphics-master\x64\Debug\Graphics.exe
